<?xml version="1.0" encoding="UTF-8"?>
<testsuite xmlns:xsi="http://www.w3.org/2001/XMLSchema-instance" xsi:noNamespaceSchemaLocation="https://maven.apache.org/surefire/maven-surefire-plugin/xsd/surefire-test-report-3.0.xsd" version="3.0" name="com.medhead.usersmicroservice.UsersmicroserviceApplicationTests" time="1.938" tests="1" errors="0" skipped="0" failures="0">
  <properties>
[...]
</properties>
  <testcase name="contextLoads" classname="com.medhead.usersmicroservice.UsersmicroserviceApplicationTests" time="0.262">
    <system-out><![CDATA[13:49:49.981 [main] INFO org.springframework.test.context.support.AnnotationConfigContextLoaderUtils -- Could not detect default configuration classes for test class [com.medhead.usersmicroservice.UsersmicroserviceApplicationTests]: UsersmicroserviceApplicationTests does not declare any static, non-private, non-final, nested classes annotated with @Configuration.
13:49:50.018 [main] INFO org.springframework.boot.test.context.SpringBootTestContextBootstrapper -- Found @SpringBootConfiguration com.medhead.usersmicroservice.UsersmicroserviceApplication for test class com.medhead.usersmicroservice.UsersmicroserviceApplicationTests

  .   ____          _            __ _ _
 /\\ / ___'_ __ _ _(_)_ __  __ _ \ \ \ \
( ( )\___ | '_ | '_| | '_ \/ _` | \ \ \ \
 \\/  ___)| |_)| | | | | || (_| |  ) ) ) )
  '  |____| .__|_| |_|_| |_\__, | / / / /
 =========|_|==============|___/=/_/_/_/

 :: Spring Boot ::                (v3.3.2)

2024-07-21T13:49:50.180+02:00  INFO 13839 --- [usersmicroservice] [           main] c.m.u.UsersmicroserviceApplicationTests  : Starting UsersmicroserviceApplicationTests using Java 22.0.1 with PID 13839 (started by ludovicsouplet in /Users/ludovicsouplet/Documents/POC_medhead_urgences_code/usersmicroservice)
2024-07-21T13:49:50.180+02:00  INFO 13839 --- [usersmicroservice] [           main] c.m.u.UsersmicroserviceApplicationTests  : No active profile set, falling back to 1 default profile: "default"
2024-07-21T13:49:50.195+02:00 DEBUG 13839 --- [usersmicroservice] [           main] o.s.w.c.s.GenericWebApplicationContext   : Refreshing org.springframework.web.context.support.GenericWebApplicationContext@641856
2024-07-21T13:49:50.401+02:00  INFO 13839 --- [usersmicroservice] [           main] .s.d.r.c.RepositoryConfigurationDelegate : Bootstrapping Spring Data JPA repositories in DEFAULT mode.
2024-07-21T13:49:50.419+02:00  INFO 13839 --- [usersmicroservice] [           main] .s.d.r.c.RepositoryConfigurationDelegate : Finished Spring Data repository scanning in 16 ms. Found 1 JPA repository interface.
2024-07-21T13:49:50.599+02:00 DEBUG 13839 --- [usersmicroservice] [           main] o.hibernate.jpa.internal.util.LogHelper  : PersistenceUnitInfo [
	name: default
	persistence provider classname: null
	classloader: jdk.internal.loader.ClassLoaders$AppClassLoader@18769467
	excludeUnlistedClasses: true
	JTA datasource: null
	Non JTA datasource: HikariDataSource (null)
	Transaction type: RESOURCE_LOCAL
	PU root URL: file:/Users/ludovicsouplet/Documents/POC_medhead_urgences_code/usersmicroservice/target/test-classes/
	Shared Cache Mode: UNSPECIFIED
	Validation Mode: AUTO
	Jar files URLs []
	Managed classes names [
		com.medhead.usersmicroservice.Entities.User]
	Mapping files names []
	Properties []
2024-07-21T13:49:50.603+02:00 DEBUG 13839 --- [usersmicroservice] [           main] o.h.i.internal.IntegratorServiceImpl     : Adding Integrator [org.hibernate.boot.beanvalidation.BeanValidationIntegrator].
2024-07-21T13:49:50.603+02:00 DEBUG 13839 --- [usersmicroservice] [           main] o.h.i.internal.IntegratorServiceImpl     : Adding Integrator [org.hibernate.cache.internal.CollectionCacheInvalidator].
2024-07-21T13:49:50.621+02:00  INFO 13839 --- [usersmicroservice] [           main] org.hibernate.Version                    : HHH000412: Hibernate ORM core version 6.5.2.Final
2024-07-21T13:49:50.621+02:00 DEBUG 13839 --- [usersmicroservice] [           main] org.hibernate.cfg.Environment            : HHH000206: 'hibernate.properties' not found
2024-07-21T13:49:50.629+02:00 DEBUG 13839 --- [usersmicroservice] [           main] org.hibernate.orm.idgen.factory          : Registering IdentifierGenerator strategy [uuid2] -> [org.hibernate.id.UUIDGenerator]
2024-07-21T13:49:50.630+02:00 DEBUG 13839 --- [usersmicroservice] [           main] org.hibernate.orm.idgen.factory          : Registering IdentifierGenerator strategy [guid] -> [org.hibernate.id.GUIDGenerator]
2024-07-21T13:49:50.630+02:00 DEBUG 13839 --- [usersmicroservice] [           main] org.hibernate.orm.idgen.factory          : Registering IdentifierGenerator strategy [uuid] -> [org.hibernate.id.UUIDHexGenerator]
2024-07-21T13:49:50.630+02:00 DEBUG 13839 --- [usersmicroservice] [           main] org.hibernate.orm.idgen.factory          : Registering IdentifierGenerator strategy [uuid.hex] -> [org.hibernate.id.UUIDHexGenerator]
2024-07-21T13:49:50.630+02:00 DEBUG 13839 --- [usersmicroservice] [           main] org.hibernate.orm.idgen.factory          : Registering IdentifierGenerator strategy [assigned] -> [org.hibernate.id.Assigned]
2024-07-21T13:49:50.630+02:00 DEBUG 13839 --- [usersmicroservice] [           main] org.hibernate.orm.idgen.factory          : Registering IdentifierGenerator strategy [identity] -> [org.hibernate.id.IdentityGenerator]
2024-07-21T13:49:50.630+02:00 DEBUG 13839 --- [usersmicroservice] [           main] org.hibernate.orm.idgen.factory          : Registering IdentifierGenerator strategy [select] -> [org.hibernate.id.SelectGenerator]
2024-07-21T13:49:50.631+02:00 DEBUG 13839 --- [usersmicroservice] [           main] org.hibernate.orm.idgen.factory          : Registering IdentifierGenerator strategy [sequence] -> [org.hibernate.id.enhanced.SequenceStyleGenerator]
2024-07-21T13:49:50.631+02:00 DEBUG 13839 --- [usersmicroservice] [           main] org.hibernate.orm.idgen.factory          : Registering IdentifierGenerator strategy [increment] -> [org.hibernate.id.IncrementGenerator]
2024-07-21T13:49:50.631+02:00 DEBUG 13839 --- [usersmicroservice] [           main] org.hibernate.orm.idgen.factory          : Registering IdentifierGenerator strategy [foreign] -> [org.hibernate.id.ForeignGenerator]
2024-07-21T13:49:50.631+02:00 DEBUG 13839 --- [usersmicroservice] [           main] org.hibernate.orm.idgen.factory          : Registering IdentifierGenerator strategy [enhanced-sequence] -> [org.hibernate.id.enhanced.SequenceStyleGenerator]
2024-07-21T13:49:50.632+02:00 DEBUG 13839 --- [usersmicroservice] [           main] org.hibernate.orm.idgen.factory          : Registering IdentifierGenerator strategy [enhanced-table] -> [org.hibernate.id.enhanced.TableGenerator]
2024-07-21T13:49:50.633+02:00 DEBUG 13839 --- [usersmicroservice] [           main] o.h.c.internal.RegionFactoryInitiator    : Cannot default RegionFactory based on registered strategies as `[]` RegionFactory strategies were registered
2024-07-21T13:49:50.634+02:00  INFO 13839 --- [usersmicroservice] [           main] o.h.c.internal.RegionFactoryInitiator    : HHH000026: Second-level cache disabled
2024-07-21T13:49:50.661+02:00 DEBUG 13839 --- [usersmicroservice] [           main] org.hibernate.type.BasicTypeRegistry     : Adding type registration boolean -> org.hibernate.type.BasicTypeReference@36359723
2024-07-21T13:49:50.661+02:00 DEBUG 13839 --- [usersmicroservice] [           main] org.hibernate.type.BasicTypeRegistry     : Adding type registration boolean -> org.hibernate.type.BasicTypeReference@36359723
2024-07-21T13:49:50.661+02:00 DEBUG 13839 --- [usersmicroservice] [           main] org.hibernate.type.BasicTypeRegistry     : Adding type registration java.lang.Boolean -> org.hibernate.type.BasicTypeReference@36359723
2024-07-21T13:49:50.661+02:00 DEBUG 13839 --- [usersmicroservice] [           main] org.hibernate.type.BasicTypeRegistry     : Adding type registration numeric_boolean -> org.hibernate.type.BasicTypeReference@1ab14636
2024-07-21T13:49:50.661+02:00 DEBUG 13839 --- [usersmicroservice] [           main] org.hibernate.type.BasicTypeRegistry     : Adding type registration org.hibernate.type.NumericBooleanConverter -> org.hibernate.type.BasicTypeReference@1ab14636
2024-07-21T13:49:50.661+02:00 DEBUG 13839 --- [usersmicroservice] [           main] org.hibernate.type.BasicTypeRegistry     : Adding type registration true_false -> org.hibernate.type.BasicTypeReference@16b3c905
2024-07-21T13:49:50.661+02:00 DEBUG 13839 --- [usersmicroservice] [           main] org.hibernate.type.BasicTypeRegistry     : Adding type registration org.hibernate.type.TrueFalseConverter -> org.hibernate.type.BasicTypeReference@16b3c905
2024-07-21T13:49:50.661+02:00 DEBUG 13839 --- [usersmicroservice] [           main] org.hibernate.type.BasicTypeRegistry     : Adding type registration yes_no -> org.hibernate.type.BasicTypeReference@49fdbe2b
2024-07-21T13:49:50.661+02:00 DEBUG 13839 --- [usersmicroservice] [           main] org.hibernate.type.BasicTypeRegistry     : Adding type registration org.hibernate.type.YesNoConverter -> org.hibernate.type.BasicTypeReference@49fdbe2b
2024-07-21T13:49:50.661+02:00 DEBUG 13839 --- [usersmicroservice] [           main] org.hibernate.type.BasicTypeRegistry     : Adding type registration byte -> org.hibernate.type.BasicTypeReference@53eba4b8
2024-07-21T13:49:50.661+02:00 DEBUG 13839 --- [usersmicroservice] [           main] org.hibernate.type.BasicTypeRegistry     : Adding type registration byte -> org.hibernate.type.BasicTypeReference@53eba4b8
2024-07-21T13:49:50.661+02:00 DEBUG 13839 --- [usersmicroservice] [           main] org.hibernate.type.BasicTypeRegistry     : Adding type registration java.lang.Byte -> org.hibernate.type.BasicTypeReference@53eba4b8
2024-07-21T13:49:50.661+02:00 DEBUG 13839 --- [usersmicroservice] [           main] org.hibernate.type.BasicTypeRegistry     : Adding type registration binary -> org.hibernate.type.BasicTypeReference@437bd805
2024-07-21T13:49:50.661+02:00 DEBUG 13839 --- [usersmicroservice] [           main] org.hibernate.type.BasicTypeRegistry     : Adding type registration byte[] -> org.hibernate.type.BasicTypeReference@437bd805
2024-07-21T13:49:50.661+02:00 DEBUG 13839 --- [usersmicroservice] [           main] org.hibernate.type.BasicTypeRegistry     : Adding type registration [B -> org.hibernate.type.BasicTypeReference@437bd805
2024-07-21T13:49:50.661+02:00 DEBUG 13839 --- [usersmicroservice] [           main] org.hibernate.type.BasicTypeRegistry     : Adding type registration binary_wrapper -> org.hibernate.type.BasicTypeReference@4b88ca8e
2024-07-21T13:49:50.661+02:00 DEBUG 13839 --- [usersmicroservice] [           main] org.hibernate.type.BasicTypeRegistry     : Adding type registration wrapper-binary -> org.hibernate.type.BasicTypeReference@4b88ca8e
2024-07-21T13:49:50.662+02:00 DEBUG 13839 --- [usersmicroservice] [           main] org.hibernate.type.BasicTypeRegistry     : Adding type registration image -> org.hibernate.type.BasicTypeReference@6fa02932
2024-07-21T13:49:50.662+02:00 DEBUG 13839 --- [usersmicroservice] [           main] org.hibernate.type.BasicTypeRegistry     : Adding type registration blob -> org.hibernate.type.BasicTypeReference@61608e1a
2024-07-21T13:49:50.662+02:00 DEBUG 13839 --- [usersmicroservice] [           main] org.hibernate.type.BasicTypeRegistry     : Adding type registration java.sql.Blob -> org.hibernate.type.BasicTypeReference@61608e1a
2024-07-21T13:49:50.662+02:00 DEBUG 13839 --- [usersmicroservice] [           main] org.hibernate.type.BasicTypeRegistry     : Adding type registration materialized_blob -> org.hibernate.type.BasicTypeReference@7c46c9c3
2024-07-21T13:49:50.662+02:00 DEBUG 13839 --- [usersmicroservice] [           main] org.hibernate.type.BasicTypeRegistry     : Adding type registration materialized_blob_wrapper -> org.hibernate.type.BasicTypeReference@7197b07f
2024-07-21T13:49:50.662+02:00 DEBUG 13839 --- [usersmicroservice] [           main] org.hibernate.type.BasicTypeRegistry     : Adding type registration short -> org.hibernate.type.BasicTypeReference@1f10fec6
2024-07-21T13:49:50.662+02:00 DEBUG 13839 --- [usersmicroservice] [           main] org.hibernate.type.BasicTypeRegistry     : Adding type registration short -> org.hibernate.type.BasicTypeReference@1f10fec6
2024-07-21T13:49:50.662+02:00 DEBUG 13839 --- [usersmicroservice] [           main] org.hibernate.type.BasicTypeRegistry     : Adding type registration java.lang.Short -> org.hibernate.type.BasicTypeReference@1f10fec6
2024-07-21T13:49:50.662+02:00 DEBUG 13839 --- [usersmicroservice] [           main] org.hibernate.type.BasicTypeRegistry     : Adding type registration integer -> org.hibernate.type.BasicTypeReference@7a65a360
2024-07-21T13:49:50.662+02:00 DEBUG 13839 --- [usersmicroservice] [           main] org.hibernate.type.BasicTypeRegistry     : Adding type registration int -> org.hibernate.type.BasicTypeReference@7a65a360
2024-07-21T13:49:50.662+02:00 DEBUG 13839 --- [usersmicroservice] [           main] org.hibernate.type.BasicTypeRegistry     : Adding type registration java.lang.Integer -> org.hibernate.type.BasicTypeReference@7a65a360
2024-07-21T13:49:50.662+02:00 DEBUG 13839 --- [usersmicroservice] [           main] org.hibernate.type.BasicTypeRegistry     : Adding type registration long -> org.hibernate.type.BasicTypeReference@30a7653e
2024-07-21T13:49:50.662+02:00 DEBUG 13839 --- [usersmicroservice] [           main] org.hibernate.type.BasicTypeRegistry     : Adding type registration long -> org.hibernate.type.BasicTypeReference@30a7653e
2024-07-21T13:49:50.662+02:00 DEBUG 13839 --- [usersmicroservice] [           main] org.hibernate.type.BasicTypeRegistry     : Adding type registration java.lang.Long -> org.hibernate.type.BasicTypeReference@30a7653e
2024-07-21T13:49:50.662+02:00 DEBUG 13839 --- [usersmicroservice] [           main] org.hibernate.type.BasicTypeRegistry     : Adding type registration float -> org.hibernate.type.BasicTypeReference@7cff3f1d
2024-07-21T13:49:50.662+02:00 DEBUG 13839 --- [usersmicroservice] [           main] org.hibernate.type.BasicTypeRegistry     : Adding type registration float -> org.hibernate.type.BasicTypeReference@7cff3f1d
2024-07-21T13:49:50.662+02:00 DEBUG 13839 --- [usersmicroservice] [           main] org.hibernate.type.BasicTypeRegistry     : Adding type registration java.lang.Float -> org.hibernate.type.BasicTypeReference@7cff3f1d
2024-07-21T13:49:50.662+02:00 DEBUG 13839 --- [usersmicroservice] [           main] org.hibernate.type.BasicTypeRegistry     : Adding type registration double -> org.hibernate.type.BasicTypeReference@6401188a
2024-07-21T13:49:50.663+02:00 DEBUG 13839 --- [usersmicroservice] [           main] org.hibernate.type.BasicTypeRegistry     : Adding type registration double -> org.hibernate.type.BasicTypeReference@6401188a
2024-07-21T13:49:50.663+02:00 DEBUG 13839 --- [usersmicroservice] [           main] org.hibernate.type.BasicTypeRegistry     : Adding type registration java.lang.Double -> org.hibernate.type.BasicTypeReference@6401188a
2024-07-21T13:49:50.663+02:00 DEBUG 13839 --- [usersmicroservice] [           main] org.hibernate.type.BasicTypeRegistry     : Adding type registration big_integer -> org.hibernate.type.BasicTypeReference@33a8c9c9
2024-07-21T13:49:50.663+02:00 DEBUG 13839 --- [usersmicroservice] [           main] org.hibernate.type.BasicTypeRegistry     : Adding type registration java.math.BigInteger -> org.hibernate.type.BasicTypeReference@33a8c9c9
2024-07-21T13:49:50.663+02:00 DEBUG 13839 --- [usersmicroservice] [           main] org.hibernate.type.BasicTypeRegistry     : Adding type registration big_decimal -> org.hibernate.type.BasicTypeReference@382dc417
2024-07-21T13:49:50.663+02:00 DEBUG 13839 --- [usersmicroservice] [           main] org.hibernate.type.BasicTypeRegistry     : Adding type registration java.math.BigDecimal -> org.hibernate.type.BasicTypeReference@382dc417
2024-07-21T13:49:50.663+02:00 DEBUG 13839 --- [usersmicroservice] [           main] org.hibernate.type.BasicTypeRegistry     : Adding type registration character -> org.hibernate.type.BasicTypeReference@3daf03d8
2024-07-21T13:49:50.663+02:00 DEBUG 13839 --- [usersmicroservice] [           main] org.hibernate.type.BasicTypeRegistry     : Adding type registration char -> org.hibernate.type.BasicTypeReference@3daf03d8
2024-07-21T13:49:50.663+02:00 DEBUG 13839 --- [usersmicroservice] [           main] org.hibernate.type.BasicTypeRegistry     : Adding type registration java.lang.Character -> org.hibernate.type.BasicTypeReference@3daf03d8
2024-07-21T13:49:50.663+02:00 DEBUG 13839 --- [usersmicroservice] [           main] org.hibernate.type.BasicTypeRegistry     : Adding type registration character_nchar -> org.hibernate.type.BasicTypeReference@510689af
2024-07-21T13:49:50.663+02:00 DEBUG 13839 --- [usersmicroservice] [           main] org.hibernate.type.BasicTypeRegistry     : Adding type registration string -> org.hibernate.type.BasicTypeReference@2415e4c7
2024-07-21T13:49:50.663+02:00 DEBUG 13839 --- [usersmicroservice] [           main] org.hibernate.type.BasicTypeRegistry     : Adding type registration java.lang.String -> org.hibernate.type.BasicTypeReference@2415e4c7
2024-07-21T13:49:50.663+02:00 DEBUG 13839 --- [usersmicroservice] [           main] org.hibernate.type.BasicTypeRegistry     : Adding type registration nstring -> org.hibernate.type.BasicTypeReference@72ce812e
2024-07-21T13:49:50.663+02:00 DEBUG 13839 --- [usersmicroservice] [           main] org.hibernate.type.BasicTypeRegistry     : Adding type registration characters -> org.hibernate.type.BasicTypeReference@373afd6c
2024-07-21T13:49:50.663+02:00 DEBUG 13839 --- [usersmicroservice] [           main] org.hibernate.type.BasicTypeRegistry     : Adding type registration char[] -> org.hibernate.type.BasicTypeReference@373afd6c
2024-07-21T13:49:50.663+02:00 DEBUG 13839 --- [usersmicroservice] [           main] org.hibernate.type.BasicTypeRegistry     : Adding type registration [C -> org.hibernate.type.BasicTypeReference@373afd6c
2024-07-21T13:49:50.663+02:00 DEBUG 13839 --- [usersmicroservice] [           main] org.hibernate.type.BasicTypeRegistry     : Adding type registration wrapper-characters -> org.hibernate.type.BasicTypeReference@521441d5
2024-07-21T13:49:50.663+02:00 DEBUG 13839 --- [usersmicroservice] [           main] org.hibernate.type.BasicTypeRegistry     : Adding type registration text -> org.hibernate.type.BasicTypeReference@592ca48c
2024-07-21T13:49:50.663+02:00 DEBUG 13839 --- [usersmicroservice] [           main] org.hibernate.type.BasicTypeRegistry     : Adding type registration ntext -> org.hibernate.type.BasicTypeReference@5fed9976
2024-07-21T13:49:50.663+02:00 DEBUG 13839 --- [usersmicroservice] [           main] org.hibernate.type.BasicTypeRegistry     : Adding type registration clob -> org.hibernate.type.BasicTypeReference@3fdcde7a
2024-07-21T13:49:50.663+02:00 DEBUG 13839 --- [usersmicroservice] [           main] org.hibernate.type.BasicTypeRegistry     : Adding type registration java.sql.Clob -> org.hibernate.type.BasicTypeReference@3fdcde7a
2024-07-21T13:49:50.664+02:00 DEBUG 13839 --- [usersmicroservice] [           main] org.hibernate.type.BasicTypeRegistry     : Adding type registration nclob -> org.hibernate.type.BasicTypeReference@4f363abd
2024-07-21T13:49:50.664+02:00 DEBUG 13839 --- [usersmicroservice] [           main] org.hibernate.type.BasicTypeRegistry     : Adding type registration java.sql.NClob -> org.hibernate.type.BasicTypeReference@4f363abd
2024-07-21T13:49:50.664+02:00 DEBUG 13839 --- [usersmicroservice] [           main] org.hibernate.type.BasicTypeRegistry     : Adding type registration materialized_clob -> org.hibernate.type.BasicTypeReference@7302ff13
2024-07-21T13:49:50.664+02:00 DEBUG 13839 --- [usersmicroservice] [           main] org.hibernate.type.BasicTypeRegistry     : Adding type registration materialized_clob_char_array -> org.hibernate.type.BasicTypeReference@4017fe2c
2024-07-21T13:49:50.664+02:00 DEBUG 13839 --- [usersmicroservice] [           main] org.hibernate.type.BasicTypeRegistry     : Adding type registration materialized_clob_character_array -> org.hibernate.type.BasicTypeReference@1961d75a
2024-07-21T13:49:50.664+02:00 DEBUG 13839 --- [usersmicroservice] [           main] org.hibernate.type.BasicTypeRegistry     : Adding type registration materialized_nclob -> org.hibernate.type.BasicTypeReference@677ce519
2024-07-21T13:49:50.664+02:00 DEBUG 13839 --- [usersmicroservice] [           main] org.hibernate.type.BasicTypeRegistry     : Adding type registration materialized_nclob_character_array -> org.hibernate.type.BasicTypeReference@3e26482
2024-07-21T13:49:50.664+02:00 DEBUG 13839 --- [usersmicroservice] [           main] org.hibernate.type.BasicTypeRegistry     : Adding type registration materialized_nclob_char_array -> org.hibernate.type.BasicTypeReference@7cfb0c4c
2024-07-21T13:49:50.664+02:00 DEBUG 13839 --- [usersmicroservice] [           main] org.hibernate.type.BasicTypeRegistry     : Adding type registration Duration -> org.hibernate.type.BasicTypeReference@6b37df8e
2024-07-21T13:49:50.664+02:00 DEBUG 13839 --- [usersmicroservice] [           main] org.hibernate.type.BasicTypeRegistry     : Adding type registration java.time.Duration -> org.hibernate.type.BasicTypeReference@6b37df8e
2024-07-21T13:49:50.664+02:00 DEBUG 13839 --- [usersmicroservice] [           main] org.hibernate.type.BasicTypeRegistry     : Adding type registration LocalDateTime -> org.hibernate.type.BasicTypeReference@6b63abdc
2024-07-21T13:49:50.664+02:00 DEBUG 13839 --- [usersmicroservice] [           main] org.hibernate.type.BasicTypeRegistry     : Adding type registration java.time.LocalDateTime -> org.hibernate.type.BasicTypeReference@6b63abdc
2024-07-21T13:49:50.664+02:00 DEBUG 13839 --- [usersmicroservice] [           main] org.hibernate.type.BasicTypeRegistry     : Adding type registration LocalDate -> org.hibernate.type.BasicTypeReference@7b351446
2024-07-21T13:49:50.664+02:00 DEBUG 13839 --- [usersmicroservice] [           main] org.hibernate.type.BasicTypeRegistry     : Adding type registration java.time.LocalDate -> org.hibernate.type.BasicTypeReference@7b351446
2024-07-21T13:49:50.664+02:00 DEBUG 13839 --- [usersmicroservice] [           main] org.hibernate.type.BasicTypeRegistry     : Adding type registration LocalTime -> org.hibernate.type.BasicTypeReference@5f08fe00
2024-07-21T13:49:50.664+02:00 DEBUG 13839 --- [usersmicroservice] [           main] org.hibernate.type.BasicTypeRegistry     : Adding type registration java.time.LocalTime -> org.hibernate.type.BasicTypeReference@5f08fe00
2024-07-21T13:49:50.664+02:00 DEBUG 13839 --- [usersmicroservice] [           main] org.hibernate.type.BasicTypeRegistry     : Adding type registration OffsetDateTime -> org.hibernate.type.BasicTypeReference@a1691c0
2024-07-21T13:49:50.664+02:00 DEBUG 13839 --- [usersmicroservice] [           main] org.hibernate.type.BasicTypeRegistry     : Adding type registration java.time.OffsetDateTime -> org.hibernate.type.BasicTypeReference@a1691c0
2024-07-21T13:49:50.664+02:00 DEBUG 13839 --- [usersmicroservice] [           main] org.hibernate.type.BasicTypeRegistry     : Adding type registration OffsetDateTimeWithTimezone -> org.hibernate.type.BasicTypeReference@7c5df615
2024-07-21T13:49:50.664+02:00 DEBUG 13839 --- [usersmicroservice] [           main] org.hibernate.type.BasicTypeRegistry     : Adding type registration OffsetDateTimeWithoutTimezone -> org.hibernate.type.BasicTypeReference@2f995afc
2024-07-21T13:49:50.665+02:00 DEBUG 13839 --- [usersmicroservice] [           main] org.hibernate.type.BasicTypeRegistry     : Adding type registration OffsetTime -> org.hibernate.type.BasicTypeReference@377949f1
2024-07-21T13:49:50.665+02:00 DEBUG 13839 --- [usersmicroservice] [           main] org.hibernate.type.BasicTypeRegistry     : Adding type registration java.time.OffsetTime -> org.hibernate.type.BasicTypeReference@377949f1
2024-07-21T13:49:50.665+02:00 DEBUG 13839 --- [usersmicroservice] [           main] org.hibernate.type.BasicTypeRegistry     : Adding type registration OffsetTimeUtc -> org.hibernate.type.BasicTypeReference@9df564f
2024-07-21T13:49:50.665+02:00 DEBUG 13839 --- [usersmicroservice] [           main] org.hibernate.type.BasicTypeRegistry     : Adding type registration OffsetTimeWithTimezone -> org.hibernate.type.BasicTypeReference@1a21f43f
2024-07-21T13:49:50.665+02:00 DEBUG 13839 --- [usersmicroservice] [           main] org.hibernate.type.BasicTypeRegistry     : Adding type registration OffsetTimeWithoutTimezone -> org.hibernate.type.BasicTypeReference@7f0a133d
2024-07-21T13:49:50.665+02:00 DEBUG 13839 --- [usersmicroservice] [           main] org.hibernate.type.BasicTypeRegistry     : Adding type registration ZonedDateTime -> org.hibernate.type.BasicTypeReference@241fbec
2024-07-21T13:49:50.665+02:00 DEBUG 13839 --- [usersmicroservice] [           main] org.hibernate.type.BasicTypeRegistry     : Adding type registration java.time.ZonedDateTime -> org.hibernate.type.BasicTypeReference@241fbec
2024-07-21T13:49:50.665+02:00 DEBUG 13839 --- [usersmicroservice] [           main] org.hibernate.type.BasicTypeRegistry     : Adding type registration ZonedDateTimeWithTimezone -> org.hibernate.type.BasicTypeReference@715fa8c5
2024-07-21T13:49:50.665+02:00 DEBUG 13839 --- [usersmicroservice] [           main] org.hibernate.type.BasicTypeRegistry     : Adding type registration ZonedDateTimeWithoutTimezone -> org.hibernate.type.BasicTypeReference@644a3add
2024-07-21T13:49:50.665+02:00 DEBUG 13839 --- [usersmicroservice] [           main] org.hibernate.type.BasicTypeRegistry     : Adding type registration date -> org.hibernate.type.BasicTypeReference@4b765e92
2024-07-21T13:49:50.665+02:00 DEBUG 13839 --- [usersmicroservice] [           main] org.hibernate.type.BasicTypeRegistry     : Adding type registration java.sql.Date -> org.hibernate.type.BasicTypeReference@4b765e92
2024-07-21T13:49:50.665+02:00 DEBUG 13839 --- [usersmicroservice] [           main] org.hibernate.type.BasicTypeRegistry     : Adding type registration time -> org.hibernate.type.BasicTypeReference@4665428b
2024-07-21T13:49:50.665+02:00 DEBUG 13839 --- [usersmicroservice] [           main] org.hibernate.type.BasicTypeRegistry     : Adding type registration java.sql.Time -> org.hibernate.type.BasicTypeReference@4665428b
2024-07-21T13:49:50.665+02:00 DEBUG 13839 --- [usersmicroservice] [           main] org.hibernate.type.BasicTypeRegistry     : Adding type registration timestamp -> org.hibernate.type.BasicTypeReference@4a70d302
2024-07-21T13:49:50.665+02:00 DEBUG 13839 --- [usersmicroservice] [           main] org.hibernate.type.BasicTypeRegistry     : Adding type registration java.sql.Timestamp -> org.hibernate.type.BasicTypeReference@4a70d302
2024-07-21T13:49:50.665+02:00 DEBUG 13839 --- [usersmicroservice] [           main] org.hibernate.type.BasicTypeRegistry     : Adding type registration java.util.Date -> org.hibernate.type.BasicTypeReference@4a70d302
2024-07-21T13:49:50.665+02:00 DEBUG 13839 --- [usersmicroservice] [           main] org.hibernate.type.BasicTypeRegistry     : Adding type registration calendar -> org.hibernate.type.BasicTypeReference@7fd99443
2024-07-21T13:49:50.665+02:00 DEBUG 13839 --- [usersmicroservice] [           main] org.hibernate.type.BasicTypeRegistry     : Adding type registration java.util.Calendar -> org.hibernate.type.BasicTypeReference@7fd99443
2024-07-21T13:49:50.665+02:00 DEBUG 13839 --- [usersmicroservice] [           main] org.hibernate.type.BasicTypeRegistry     : Adding type registration java.util.GregorianCalendar -> org.hibernate.type.BasicTypeReference@7fd99443
2024-07-21T13:49:50.665+02:00 DEBUG 13839 --- [usersmicroservice] [           main] org.hibernate.type.BasicTypeRegistry     : Adding type registration calendar_date -> org.hibernate.type.BasicTypeReference@622d7e4
2024-07-21T13:49:50.665+02:00 DEBUG 13839 --- [usersmicroservice] [           main] org.hibernate.type.BasicTypeRegistry     : Adding type registration calendar_time -> org.hibernate.type.BasicTypeReference@6a3fbcb1
2024-07-21T13:49:50.665+02:00 DEBUG 13839 --- [usersmicroservice] [           main] org.hibernate.type.BasicTypeRegistry     : Adding type registration instant -> org.hibernate.type.BasicTypeReference@261b9a37
2024-07-21T13:49:50.665+02:00 DEBUG 13839 --- [usersmicroservice] [           main] org.hibernate.type.BasicTypeRegistry     : Adding type registration java.time.Instant -> org.hibernate.type.BasicTypeReference@261b9a37
2024-07-21T13:49:50.665+02:00 DEBUG 13839 --- [usersmicroservice] [           main] org.hibernate.type.BasicTypeRegistry     : Adding type registration uuid -> org.hibernate.type.BasicTypeReference@15d3793b
2024-07-21T13:49:50.665+02:00 DEBUG 13839 --- [usersmicroservice] [           main] org.hibernate.type.BasicTypeRegistry     : Adding type registration java.util.UUID -> org.hibernate.type.BasicTypeReference@15d3793b
2024-07-21T13:49:50.665+02:00 DEBUG 13839 --- [usersmicroservice] [           main] org.hibernate.type.BasicTypeRegistry     : Adding type registration pg-uuid -> org.hibernate.type.BasicTypeReference@15d3793b
2024-07-21T13:49:50.665+02:00 DEBUG 13839 --- [usersmicroservice] [           main] org.hibernate.type.BasicTypeRegistry     : Adding type registration uuid-binary -> org.hibernate.type.BasicTypeReference@55e1192
2024-07-21T13:49:50.666+02:00 DEBUG 13839 --- [usersmicroservice] [           main] org.hibernate.type.BasicTypeRegistry     : Adding type registration uuid-char -> org.hibernate.type.BasicTypeReference@1213ffbc
2024-07-21T13:49:50.666+02:00 DEBUG 13839 --- [usersmicroservice] [           main] org.hibernate.type.BasicTypeRegistry     : Adding type registration class -> org.hibernate.type.BasicTypeReference@68a305eb
2024-07-21T13:49:50.666+02:00 DEBUG 13839 --- [usersmicroservice] [           main] org.hibernate.type.BasicTypeRegistry     : Adding type registration java.lang.Class -> org.hibernate.type.BasicTypeReference@68a305eb
2024-07-21T13:49:50.666+02:00 DEBUG 13839 --- [usersmicroservice] [           main] org.hibernate.type.BasicTypeRegistry     : Adding type registration currency -> org.hibernate.type.BasicTypeReference@6637a365
2024-07-21T13:49:50.666+02:00 DEBUG 13839 --- [usersmicroservice] [           main] org.hibernate.type.BasicTypeRegistry     : Adding type registration Currency -> org.hibernate.type.BasicTypeReference@6637a365
2024-07-21T13:49:50.666+02:00 DEBUG 13839 --- [usersmicroservice] [           main] org.hibernate.type.BasicTypeRegistry     : Adding type registration java.util.Currency -> org.hibernate.type.BasicTypeReference@6637a365
2024-07-21T13:49:50.666+02:00 DEBUG 13839 --- [usersmicroservice] [           main] org.hibernate.type.BasicTypeRegistry     : Adding type registration locale -> org.hibernate.type.BasicTypeReference@1ef31f71
2024-07-21T13:49:50.666+02:00 DEBUG 13839 --- [usersmicroservice] [           main] org.hibernate.type.BasicTypeRegistry     : Adding type registration java.util.Locale -> org.hibernate.type.BasicTypeReference@1ef31f71
2024-07-21T13:49:50.666+02:00 DEBUG 13839 --- [usersmicroservice] [           main] org.hibernate.type.BasicTypeRegistry     : Adding type registration serializable -> org.hibernate.type.BasicTypeReference@6e8fdd19
2024-07-21T13:49:50.666+02:00 DEBUG 13839 --- [usersmicroservice] [           main] org.hibernate.type.BasicTypeRegistry     : Adding type registration java.io.Serializable -> org.hibernate.type.BasicTypeReference@6e8fdd19
2024-07-21T13:49:50.666+02:00 DEBUG 13839 --- [usersmicroservice] [           main] org.hibernate.type.BasicTypeRegistry     : Adding type registration timezone -> org.hibernate.type.BasicTypeReference@35787726
2024-07-21T13:49:50.666+02:00 DEBUG 13839 --- [usersmicroservice] [           main] org.hibernate.type.BasicTypeRegistry     : Adding type registration java.util.TimeZone -> org.hibernate.type.BasicTypeReference@35787726
2024-07-21T13:49:50.666+02:00 DEBUG 13839 --- [usersmicroservice] [           main] org.hibernate.type.BasicTypeRegistry     : Adding type registration ZoneOffset -> org.hibernate.type.BasicTypeReference@2199e845
2024-07-21T13:49:50.666+02:00 DEBUG 13839 --- [usersmicroservice] [           main] org.hibernate.type.BasicTypeRegistry     : Adding type registration java.time.ZoneOffset -> org.hibernate.type.BasicTypeReference@2199e845
2024-07-21T13:49:50.666+02:00 DEBUG 13839 --- [usersmicroservice] [           main] org.hibernate.type.BasicTypeRegistry     : Adding type registration url -> org.hibernate.type.BasicTypeReference@27976390
2024-07-21T13:49:50.666+02:00 DEBUG 13839 --- [usersmicroservice] [           main] org.hibernate.type.BasicTypeRegistry     : Adding type registration java.net.URL -> org.hibernate.type.BasicTypeReference@27976390
2024-07-21T13:49:50.666+02:00 DEBUG 13839 --- [usersmicroservice] [           main] org.hibernate.type.BasicTypeRegistry     : Adding type registration vector -> org.hibernate.type.BasicTypeReference@37e0056e
2024-07-21T13:49:50.666+02:00 DEBUG 13839 --- [usersmicroservice] [           main] org.hibernate.type.BasicTypeRegistry     : Adding type registration row_version -> org.hibernate.type.BasicTypeReference@415795f3
2024-07-21T13:49:50.668+02:00 DEBUG 13839 --- [usersmicroservice] [           main] org.hibernate.type.BasicTypeRegistry     : Adding type registration object -> org.hibernate.type.JavaObjectType@6b8d54da
2024-07-21T13:49:50.668+02:00 DEBUG 13839 --- [usersmicroservice] [           main] org.hibernate.type.BasicTypeRegistry     : Adding type registration java.lang.Object -> org.hibernate.type.JavaObjectType@6b8d54da
2024-07-21T13:49:50.668+02:00 DEBUG 13839 --- [usersmicroservice] [           main] org.hibernate.type.BasicTypeRegistry     : Adding type registration null -> org.hibernate.type.NullType@1f536481
2024-07-21T13:49:50.668+02:00 DEBUG 13839 --- [usersmicroservice] [           main] org.hibernate.type.BasicTypeRegistry     : Adding type registration imm_date -> org.hibernate.type.BasicTypeReference@5234b61a
2024-07-21T13:49:50.668+02:00 DEBUG 13839 --- [usersmicroservice] [           main] org.hibernate.type.BasicTypeRegistry     : Adding type registration imm_time -> org.hibernate.type.BasicTypeReference@22a260ff
2024-07-21T13:49:50.668+02:00 DEBUG 13839 --- [usersmicroservice] [           main] org.hibernate.type.BasicTypeRegistry     : Adding type registration imm_timestamp -> org.hibernate.type.BasicTypeReference@54c425b1
2024-07-21T13:49:50.668+02:00 DEBUG 13839 --- [usersmicroservice] [           main] org.hibernate.type.BasicTypeRegistry     : Adding type registration imm_calendar -> org.hibernate.type.BasicTypeReference@50b734c4
2024-07-21T13:49:50.668+02:00 DEBUG 13839 --- [usersmicroservice] [           main] org.hibernate.type.BasicTypeRegistry     : Adding type registration imm_calendar_date -> org.hibernate.type.BasicTypeReference@2744dcae
2024-07-21T13:49:50.668+02:00 DEBUG 13839 --- [usersmicroservice] [           main] org.hibernate.type.BasicTypeRegistry     : Adding type registration imm_calendar_time -> org.hibernate.type.BasicTypeReference@16d0e521
2024-07-21T13:49:50.669+02:00 DEBUG 13839 --- [usersmicroservice] [           main] org.hibernate.type.BasicTypeRegistry     : Adding type registration imm_binary -> org.hibernate.type.BasicTypeReference@634ca3e7
2024-07-21T13:49:50.669+02:00 DEBUG 13839 --- [usersmicroservice] [           main] org.hibernate.type.BasicTypeRegistry     : Adding type registration imm_serializable -> org.hibernate.type.BasicTypeReference@ab4aa5e
2024-07-21T13:49:50.670+02:00 DEBUG 13839 --- [usersmicroservice] [           main] o.h.boot.internal.BootstrapContextImpl   : Injecting JPA temp ClassLoader [org.springframework.instrument.classloading.SimpleThrowawayClassLoader@76973a6] into BootstrapContext; was [null]
2024-07-21T13:49:50.670+02:00 DEBUG 13839 --- [usersmicroservice] [           main] o.h.boot.internal.ClassLoaderAccessImpl  : ClassLoaderAccessImpl#injectTempClassLoader(org.springframework.instrument.classloading.SimpleThrowawayClassLoader@76973a6) [was null]
2024-07-21T13:49:50.670+02:00 DEBUG 13839 --- [usersmicroservice] [           main] o.h.boot.internal.BootstrapContextImpl   : Injecting ScanEnvironment [org.hibernate.jpa.boot.internal.StandardJpaScanEnvironmentImpl@c4d2c44] into BootstrapContext; was [null]
2024-07-21T13:49:50.670+02:00 DEBUG 13839 --- [usersmicroservice] [           main] o.h.boot.internal.BootstrapContextImpl   : Injecting ScanOptions [org.hibernate.boot.archive.scan.internal.StandardScanOptions@13866329] into BootstrapContext; was [org.hibernate.boot.archive.scan.internal.StandardScanOptions@2eda2062]
2024-07-21T13:49:50.752+02:00  INFO 13839 --- [usersmicroservice] [           main] o.s.o.j.p.SpringPersistenceUnitInfo      : No LoadTimeWeaver setup: ignoring JPA class transformer
2024-07-21T13:49:50.752+02:00 DEBUG 13839 --- [usersmicroservice] [           main] o.h.boot.internal.BootstrapContextImpl   : Injecting JPA temp ClassLoader [null] into BootstrapContext; was [org.springframework.instrument.classloading.SimpleThrowawayClassLoader@76973a6]
2024-07-21T13:49:50.752+02:00 DEBUG 13839 --- [usersmicroservice] [           main] o.h.boot.internal.ClassLoaderAccessImpl  : ClassLoaderAccessImpl#injectTempClassLoader(null) [was org.springframework.instrument.classloading.SimpleThrowawayClassLoader@76973a6]
2024-07-21T13:49:50.761+02:00  INFO 13839 --- [usersmicroservice] [           main] com.zaxxer.hikari.HikariDataSource       : HikariPool-1 - Starting...
2024-07-21T13:49:50.844+02:00  INFO 13839 --- [usersmicroservice] [           main] com.zaxxer.hikari.pool.HikariPool        : HikariPool-1 - Added connection org.postgresql.jdbc.PgConnection@3b39e79b
2024-07-21T13:49:50.844+02:00  INFO 13839 --- [usersmicroservice] [           main] com.zaxxer.hikari.HikariDataSource       : HikariPool-1 - Start completed.
2024-07-21T13:49:50.847+02:00 DEBUG 13839 --- [usersmicroservice] [           main] o.h.e.j.e.i.JdbcEnvironmentInitiator     : Database ->
	   name : PostgreSQL
	version : 16.3
	  major : 16
	  minor : 3
2024-07-21T13:49:50.847+02:00 DEBUG 13839 --- [usersmicroservice] [           main] o.h.e.j.e.i.JdbcEnvironmentInitiator     : Driver ->
	   name : PostgreSQL JDBC Driver
	version : 42.7.3
	  major : 42
	  minor : 7
2024-07-21T13:49:50.847+02:00 DEBUG 13839 --- [usersmicroservice] [           main] o.h.e.j.e.i.JdbcEnvironmentInitiator     : JDBC version : 4.2
2024-07-21T13:49:50.860+02:00  WARN 13839 --- [usersmicroservice] [           main] org.hibernate.orm.deprecation            : HHH90000025: PostgreSQLDialect does not need to be specified explicitly using 'hibernate.dialect' (remove the property setting and it will be selected by default)
2024-07-21T13:49:50.860+02:00 DEBUG 13839 --- [usersmicroservice] [           main] org.hibernate.orm.dialect                : HHH035001: Using dialect: org.hibernate.dialect.PostgreSQLDialect, version: 16.3
2024-07-21T13:49:50.862+02:00 DEBUG 13839 --- [usersmicroservice] [           main] o.h.e.j.env.spi.IdentifierHelperBuilder  : JDBC driver metadata reported database stores quoted identifiers in neither upper, lower nor mixed case
2024-07-21T13:49:50.865+02:00 DEBUG 13839 --- [usersmicroservice] [           main] org.hibernate.orm.jdbc.lob               : HHH10010004: Disabling contextual LOB creation as Dialect reported it is not supported
2024-07-21T13:49:50.871+02:00 DEBUG 13839 --- [usersmicroservice] [           main] o.h.t.d.sql.spi.DdlTypeRegistry          : addDescriptor(2003, org.hibernate.type.descriptor.sql.internal.ArrayDdlTypeImpl@1a345298) replaced previous registration(org.hibernate.type.descriptor.sql.internal.ArrayDdlTypeImpl@4ad896f7)
2024-07-21T13:49:50.871+02:00 DEBUG 13839 --- [usersmicroservice] [           main] o.h.t.d.sql.spi.DdlTypeRegistry          : addDescriptor(6, org.hibernate.type.descriptor.sql.internal.CapacityDependentDdlType@c318864) replaced previous registration(org.hibernate.type.descriptor.sql.internal.DdlTypeImpl@7d61468c)
2024-07-21T13:49:50.871+02:00 DEBUG 13839 --- [usersmicroservice] [           main] o.h.t.d.jdbc.spi.JdbcTypeRegistry        : addDescriptor(2004, BlobTypeDescriptor(BLOB_BINDING)) replaced previous registration(BlobTypeDescriptor(DEFAULT))
2024-07-21T13:49:50.872+02:00 DEBUG 13839 --- [usersmicroservice] [           main] o.h.t.d.jdbc.spi.JdbcTypeRegistry        : addDescriptor(2005, ClobTypeDescriptor(CLOB_BINDING)) replaced previous registration(ClobTypeDescriptor(DEFAULT))
2024-07-21T13:49:50.874+02:00 DEBUG 13839 --- [usersmicroservice] [           main] org.hibernate.type.BasicTypeRegistry     : Adding type registration JAVA_OBJECT -> org.hibernate.type.JavaObjectType@50df37eb
2024-07-21T13:49:50.875+02:00 DEBUG 13839 --- [usersmicroservice] [           main] org.hibernate.type.BasicTypeRegistry     : Adding type registration java.lang.Object -> org.hibernate.type.JavaObjectType@50df37eb
2024-07-21T13:49:50.875+02:00 DEBUG 13839 --- [usersmicroservice] [           main] org.hibernate.type.BasicTypeRegistry     : Type registration key [java.lang.Object] overrode previous entry : `org.hibernate.type.JavaObjectType@6b8d54da`
2024-07-21T13:49:50.876+02:00 DEBUG 13839 --- [usersmicroservice] [           main] org.hibernate.type.BasicTypeRegistry     : Adding type registration org.hibernate.type.DurationType -> basicType@1(java.time.Duration,3015)
2024-07-21T13:49:50.876+02:00 DEBUG 13839 --- [usersmicroservice] [           main] org.hibernate.type.BasicTypeRegistry     : Adding type registration Duration -> basicType@1(java.time.Duration,3015)
2024-07-21T13:49:50.876+02:00 DEBUG 13839 --- [usersmicroservice] [           main] org.hibernate.type.BasicTypeRegistry     : Adding type registration java.time.Duration -> basicType@1(java.time.Duration,3015)
2024-07-21T13:49:50.877+02:00 DEBUG 13839 --- [usersmicroservice] [           main] org.hibernate.type.BasicTypeRegistry     : Adding type registration org.hibernate.type.OffsetDateTimeType -> basicType@2(java.time.OffsetDateTime,3003)
2024-07-21T13:49:50.877+02:00 DEBUG 13839 --- [usersmicroservice] [           main] org.hibernate.type.BasicTypeRegistry     : Adding type registration OffsetDateTime -> basicType@2(java.time.OffsetDateTime,3003)
2024-07-21T13:49:50.878+02:00 DEBUG 13839 --- [usersmicroservice] [           main] org.hibernate.type.BasicTypeRegistry     : Adding type registration java.time.OffsetDateTime -> basicType@2(java.time.OffsetDateTime,3003)
2024-07-21T13:49:50.878+02:00 DEBUG 13839 --- [usersmicroservice] [           main] org.hibernate.type.BasicTypeRegistry     : Adding type registration org.hibernate.type.ZonedDateTimeType -> basicType@3(java.time.ZonedDateTime,3003)
2024-07-21T13:49:50.878+02:00 DEBUG 13839 --- [usersmicroservice] [           main] org.hibernate.type.BasicTypeRegistry     : Adding type registration ZonedDateTime -> basicType@3(java.time.ZonedDateTime,3003)
2024-07-21T13:49:50.878+02:00 DEBUG 13839 --- [usersmicroservice] [           main] org.hibernate.type.BasicTypeRegistry     : Adding type registration java.time.ZonedDateTime -> basicType@3(java.time.ZonedDateTime,3003)
2024-07-21T13:49:50.878+02:00 DEBUG 13839 --- [usersmicroservice] [           main] org.hibernate.type.BasicTypeRegistry     : Adding type registration org.hibernate.type.OffsetTimeType -> basicType@4(java.time.OffsetTime,3007)
2024-07-21T13:49:50.878+02:00 DEBUG 13839 --- [usersmicroservice] [           main] org.hibernate.type.BasicTypeRegistry     : Adding type registration OffsetTime -> basicType@4(java.time.OffsetTime,3007)
2024-07-21T13:49:50.878+02:00 DEBUG 13839 --- [usersmicroservice] [           main] org.hibernate.type.BasicTypeRegistry     : Adding type registration java.time.OffsetTime -> basicType@4(java.time.OffsetTime,3007)
2024-07-21T13:49:50.878+02:00 DEBUG 13839 --- [usersmicroservice] [           main] o.h.type.spi.TypeConfiguration$Scope     : Scoping TypeConfiguration [org.hibernate.type.spi.TypeConfiguration@77bb916f] to MetadataBuildingContext [org.hibernate.boot.internal.MetadataBuildingContextRootImpl@5a48d186]
2024-07-21T13:49:50.891+02:00 DEBUG 13839 --- [usersmicroservice] [           main] o.h.boot.model.relational.Namespace      : Created database namespace [logicalName=Name{catalog=null, schema=null}, physicalName=Name{catalog=null, schema=null}]
2024-07-21T13:49:50.900+02:00 DEBUG 13839 --- [usersmicroservice] [           main] o.h.boot.model.internal.EntityBinder     : Binding entity from annotated class: com.medhead.usersmicroservice.Entities.User
2024-07-21T13:49:50.902+02:00 DEBUG 13839 --- [usersmicroservice] [           main] o.h.boot.model.internal.EntityBinder     : Import with entity name User
2024-07-21T13:49:50.905+02:00 DEBUG 13839 --- [usersmicroservice] [           main] o.h.boot.model.internal.EntityBinder     : Bind entity com.medhead.usersmicroservice.Entities.User on table users
2024-07-21T13:49:50.908+02:00 DEBUG 13839 --- [usersmicroservice] [           main] o.h.boot.model.internal.AnnotatedColumn  : Binding column: AnnotatedDiscriminatorColumn(column='DTYPE')
2024-07-21T13:49:50.913+02:00 DEBUG 13839 --- [usersmicroservice] [           main] o.h.boot.model.internal.AnnotatedColumn  : Binding column: AnnotatedColumn()
2024-07-21T13:49:50.914+02:00 DEBUG 13839 --- [usersmicroservice] [           main] o.h.boot.internal.ClassLoaderAccessImpl  : Not known whether passed class name [com.medhead.usersmicroservice.Entities.User] is safe
2024-07-21T13:49:50.914+02:00 DEBUG 13839 --- [usersmicroservice] [           main] o.h.boot.internal.ClassLoaderAccessImpl  : No temp ClassLoader provided; using live ClassLoader for loading potentially unsafe class : com.medhead.usersmicroservice.Entities.User
2024-07-21T13:49:50.915+02:00 DEBUG 13839 --- [usersmicroservice] [           main] o.h.boot.model.internal.PropertyBinder   : MetadataSourceProcessor property id with lazy=false
2024-07-21T13:49:50.916+02:00 DEBUG 13839 --- [usersmicroservice] [           main] o.h.b.m.internal.AbstractPropertyHolder  : Attempting to locate auto-apply AttributeConverter for property [com.medhead.usersmicroservice.Entities.User:id]
2024-07-21T13:49:50.917+02:00 DEBUG 13839 --- [usersmicroservice] [           main] o.h.b.model.internal.BasicValueBinder    : building BasicValue for id
2024-07-21T13:49:50.918+02:00 DEBUG 13839 --- [usersmicroservice] [           main] org.hibernate.mapping.BasicValue         : Skipping column re-registration: users.id
2024-07-21T13:49:50.918+02:00 DEBUG 13839 --- [usersmicroservice] [           main] o.h.boot.model.internal.PropertyBinder   : Building property id
2024-07-21T13:49:50.919+02:00 DEBUG 13839 --- [usersmicroservice] [           main] o.h.boot.model.internal.BinderHelper     : #makeIdGenerator(BasicValue([Column(id)]), id, org.hibernate.id.enhanced.SequenceStyleGenerator, , ...)
2024-07-21T13:49:50.920+02:00 DEBUG 13839 --- [usersmicroservice] [           main] o.h.boot.model.internal.AnnotatedColumn  : Binding column: AnnotatedColumn(column='created_at')
2024-07-21T13:49:50.920+02:00 DEBUG 13839 --- [usersmicroservice] [           main] o.h.boot.model.internal.PropertyBinder   : MetadataSourceProcessor property createdAt with lazy=false
2024-07-21T13:49:50.920+02:00 DEBUG 13839 --- [usersmicroservice] [           main] o.h.b.m.internal.AbstractPropertyHolder  : Attempting to locate auto-apply AttributeConverter for property [com.medhead.usersmicroservice.Entities.User:createdAt]
2024-07-21T13:49:50.920+02:00 DEBUG 13839 --- [usersmicroservice] [           main] o.h.b.model.internal.BasicValueBinder    : building BasicValue for createdAt
2024-07-21T13:49:50.920+02:00 DEBUG 13839 --- [usersmicroservice] [           main] org.hibernate.mapping.BasicValue         : Skipping column re-registration: users.created_at
2024-07-21T13:49:50.920+02:00 DEBUG 13839 --- [usersmicroservice] [           main] o.h.boot.model.internal.PropertyBinder   : Building property createdAt
2024-07-21T13:49:50.922+02:00 DEBUG 13839 --- [usersmicroservice] [           main] o.h.boot.model.internal.AnnotatedColumn  : Binding column: AnnotatedColumn()
2024-07-21T13:49:50.922+02:00 DEBUG 13839 --- [usersmicroservice] [           main] o.h.boot.model.internal.PropertyBinder   : MetadataSourceProcessor property email with lazy=false
2024-07-21T13:49:50.922+02:00 DEBUG 13839 --- [usersmicroservice] [           main] o.h.b.m.internal.AbstractPropertyHolder  : Attempting to locate auto-apply AttributeConverter for property [com.medhead.usersmicroservice.Entities.User:email]
2024-07-21T13:49:50.922+02:00 DEBUG 13839 --- [usersmicroservice] [           main] o.h.b.model.internal.BasicValueBinder    : building BasicValue for email
2024-07-21T13:49:50.922+02:00 DEBUG 13839 --- [usersmicroservice] [           main] org.hibernate.mapping.BasicValue         : Skipping column re-registration: users.email
2024-07-21T13:49:50.922+02:00 DEBUG 13839 --- [usersmicroservice] [           main] o.h.boot.model.internal.PropertyBinder   : Building property email
2024-07-21T13:49:50.922+02:00 DEBUG 13839 --- [usersmicroservice] [           main] o.h.boot.model.internal.AnnotatedColumn  : Binding column: AnnotatedColumn()
2024-07-21T13:49:50.922+02:00 DEBUG 13839 --- [usersmicroservice] [           main] o.h.boot.model.internal.PropertyBinder   : MetadataSourceProcessor property fullName with lazy=false
2024-07-21T13:49:50.922+02:00 DEBUG 13839 --- [usersmicroservice] [           main] o.h.b.m.internal.AbstractPropertyHolder  : Attempting to locate auto-apply AttributeConverter for property [com.medhead.usersmicroservice.Entities.User:fullName]
2024-07-21T13:49:50.922+02:00 DEBUG 13839 --- [usersmicroservice] [           main] o.h.b.model.internal.BasicValueBinder    : building BasicValue for fullName
2024-07-21T13:49:50.922+02:00 DEBUG 13839 --- [usersmicroservice] [           main] org.hibernate.mapping.BasicValue         : Skipping column re-registration: users.full_name
2024-07-21T13:49:50.922+02:00 DEBUG 13839 --- [usersmicroservice] [           main] o.h.boot.model.internal.PropertyBinder   : Building property fullName
2024-07-21T13:49:50.922+02:00 DEBUG 13839 --- [usersmicroservice] [           main] o.h.boot.model.internal.AnnotatedColumn  : Binding column: AnnotatedColumn()
2024-07-21T13:49:50.922+02:00 DEBUG 13839 --- [usersmicroservice] [           main] o.h.boot.model.internal.PropertyBinder   : MetadataSourceProcessor property password with lazy=false
2024-07-21T13:49:50.923+02:00 DEBUG 13839 --- [usersmicroservice] [           main] o.h.b.m.internal.AbstractPropertyHolder  : Attempting to locate auto-apply AttributeConverter for property [com.medhead.usersmicroservice.Entities.User:password]
2024-07-21T13:49:50.923+02:00 DEBUG 13839 --- [usersmicroservice] [           main] o.h.b.model.internal.BasicValueBinder    : building BasicValue for password
2024-07-21T13:49:50.923+02:00 DEBUG 13839 --- [usersmicroservice] [           main] org.hibernate.mapping.BasicValue         : Skipping column re-registration: users.password
2024-07-21T13:49:50.923+02:00 DEBUG 13839 --- [usersmicroservice] [           main] o.h.boot.model.internal.PropertyBinder   : Building property password
2024-07-21T13:49:50.923+02:00 DEBUG 13839 --- [usersmicroservice] [           main] o.h.boot.model.internal.AnnotatedColumn  : Binding column: AnnotatedColumn(column='updated_at')
2024-07-21T13:49:50.923+02:00 DEBUG 13839 --- [usersmicroservice] [           main] o.h.boot.model.internal.PropertyBinder   : MetadataSourceProcessor property updatedAt with lazy=false
2024-07-21T13:49:50.923+02:00 DEBUG 13839 --- [usersmicroservice] [           main] o.h.b.m.internal.AbstractPropertyHolder  : Attempting to locate auto-apply AttributeConverter for property [com.medhead.usersmicroservice.Entities.User:updatedAt]
2024-07-21T13:49:50.923+02:00 DEBUG 13839 --- [usersmicroservice] [           main] o.h.b.model.internal.BasicValueBinder    : building BasicValue for updatedAt
2024-07-21T13:49:50.923+02:00 DEBUG 13839 --- [usersmicroservice] [           main] org.hibernate.mapping.BasicValue         : Skipping column re-registration: users.updated_at
2024-07-21T13:49:50.923+02:00 DEBUG 13839 --- [usersmicroservice] [           main] o.h.boot.model.internal.PropertyBinder   : Building property updatedAt
2024-07-21T13:49:50.923+02:00 DEBUG 13839 --- [usersmicroservice] [           main] o.h.b.r.c.i.ClassLoaderServiceImpl       : HHH000194: Package not found or no package-info.java: com.medhead.usersmicroservice.Entities
2024-07-21T13:49:50.925+02:00 DEBUG 13839 --- [usersmicroservice] [           main] o.h.b.model.internal.BasicValueBinder    : Starting `BasicValueBinder#fillSimpleValue` for id
2024-07-21T13:49:50.926+02:00 DEBUG 13839 --- [usersmicroservice] [           main] o.h.b.model.internal.BasicValueBinder    : Starting `BasicValueBinder#fillSimpleValue` for createdAt
2024-07-21T13:49:50.926+02:00 DEBUG 13839 --- [usersmicroservice] [           main] o.h.b.model.internal.BasicValueBinder    : Starting `BasicValueBinder#fillSimpleValue` for email
2024-07-21T13:49:50.926+02:00 DEBUG 13839 --- [usersmicroservice] [           main] o.h.b.model.internal.BasicValueBinder    : Starting `BasicValueBinder#fillSimpleValue` for fullName
2024-07-21T13:49:50.926+02:00 DEBUG 13839 --- [usersmicroservice] [           main] o.h.b.model.internal.BasicValueBinder    : Starting `BasicValueBinder#fillSimpleValue` for password
2024-07-21T13:49:50.926+02:00 DEBUG 13839 --- [usersmicroservice] [           main] o.h.b.model.internal.BasicValueBinder    : Starting `BasicValueBinder#fillSimpleValue` for updatedAt
2024-07-21T13:49:50.927+02:00 DEBUG 13839 --- [usersmicroservice] [           main] org.hibernate.mapping.PrimaryKey         : Forcing column [id] to be non-null as it is part of the primary key for table [users]
2024-07-21T13:49:50.972+02:00 DEBUG 13839 --- [usersmicroservice] [           main] o.hibernate.internal.SessionFactoryImpl  : Building session factory
2024-07-21T13:49:50.984+02:00 DEBUG 13839 --- [usersmicroservice] [           main] .h.s.i.SessionFactoryServiceRegistryImpl : EventListenerRegistry access via ServiceRegistry is deprecated.  Use `sessionFactory.getEventEngine().getListenerRegistry()` instead
2024-07-21T13:49:50.985+02:00 DEBUG 13839 --- [usersmicroservice] [           main] o.hibernate.internal.SessionFactoryImpl  : Instantiating SessionFactory with settings: {java.specification.version=22, hibernate.resource.beans.container=org.springframework.orm.hibernate5.SpringBeanContainer@186295cc, hibernate.connection.handling_mode=DELAYED_ACQUISITION_AND_HOLD, sun.jnu.encoding=UTF-8, hibernate.dialect=org.hibernate.dialect.PostgreSQLDialect, hibernate.implicit_naming_strategy=org.springframework.boot.orm.jpa.hibernate.SpringImplicitNamingStrategy, java.class.path=/Users/ludovicsouplet/Documents/POC_medhead_urgences_code/usersmicroservice/target/test-classes:/Users/ludovicsouplet/Documents/POC_medhead_urgences_code/usersmicroservice/target/classes:/Users/ludovicsouplet/.m2/repository/org/springframework/boot/spring-boot-starter-data-jpa/3.3.2/spring-boot-starter-data-jpa-3.3.2.jar:/Users/ludovicsouplet/.m2/repository/org/springframework/boot/spring-boot-starter-aop/3.3.2/spring-boot-starter-aop-3.3.2.jar:/Users/ludovicsouplet/.m2/repository/org/aspectj/aspectjweaver/1.9.22.1/aspectjweaver-1.9.22.1.jar:/Users/ludovicsouplet/.m2/repository/org/springframework/boot/spring-boot-starter-jdbc/3.3.2/spring-boot-starter-jdbc-3.3.2.jar:/Users/ludovicsouplet/.m2/repository/com/zaxxer/HikariCP/5.1.0/HikariCP-5.1.0.jar:/Users/ludovicsouplet/.m2/repository/org/springframework/spring-jdbc/6.1.11/spring-jdbc-6.1.11.jar:/Users/ludovicsouplet/.m2/repository/org/hibernate/orm/hibernate-core/6.5.2.Final/hibernate-core-6.5.2.Final.jar:/Users/ludovicsouplet/.m2/repository/jakarta/persistence/jakarta.persistence-api/3.1.0/jakarta.persistence-api-3.1.0.jar:/Users/ludovicsouplet/.m2/repository/jakarta/transaction/jakarta.transaction-api/2.0.1/jakarta.transaction-api-2.0.1.jar:/Users/ludovicsouplet/.m2/repository/org/jboss/logging/jboss-logging/3.5.3.Final/jboss-logging-3.5.3.Final.jar:/Users/ludovicsouplet/.m2/repository/org/hibernate/common/hibernate-commons-annotations/6.0.6.Final/hibernate-commons-annotations-6.0.6.Final.jar:/Users/ludovicsouplet/.m2/repository/io/smallrye/jandex/3.1.2/jandex-3.1.2.jar:/Users/ludovicsouplet/.m2/repository/com/fasterxml/classmate/1.7.0/classmate-1.7.0.jar:/Users/ludovicsouplet/.m2/repository/net/bytebuddy/byte-buddy/1.14.18/byte-buddy-1.14.18.jar:/Users/ludovicsouplet/.m2/repository/org/glassfish/jaxb/jaxb-runtime/4.0.5/jaxb-runtime-4.0.5.jar:/Users/ludovicsouplet/.m2/repository/org/glassfish/jaxb/jaxb-core/4.0.5/jaxb-core-4.0.5.jar:/Users/ludovicsouplet/.m2/repository/org/eclipse/angus/angus-activation/2.0.2/angus-activation-2.0.2.jar:/Users/ludovicsouplet/.m2/repository/org/glassfish/jaxb/txw2/4.0.5/txw2-4.0.5.jar:/Users/ludovicsouplet/.m2/repository/com/sun/istack/istack-commons-runtime/4.1.2/istack-commons-runtime-4.1.2.jar:/Users/ludovicsouplet/.m2/repository/jakarta/inject/jakarta.inject-api/2.0.1/jakarta.inject-api-2.0.1.jar:/Users/ludovicsouplet/.m2/repository/org/antlr/antlr4-runtime/4.13.0/antlr4-runtime-4.13.0.jar:/Users/ludovicsouplet/.m2/repository/org/springframework/data/spring-data-jpa/3.3.2/spring-data-jpa-3.3.2.jar:/Users/ludovicsouplet/.m2/repository/org/springframework/data/spring-data-commons/3.3.2/spring-data-commons-3.3.2.jar:/Users/ludovicsouplet/.m2/repository/org/springframework/spring-orm/6.1.11/spring-orm-6.1.11.jar:/Users/ludovicsouplet/.m2/repository/org/springframework/spring-context/6.1.11/spring-context-6.1.11.jar:/Users/ludovicsouplet/.m2/repository/org/springframework/spring-tx/6.1.11/spring-tx-6.1.11.jar:/Users/ludovicsouplet/.m2/repository/org/springframework/spring-beans/6.1.11/spring-beans-6.1.11.jar:/Users/ludovicsouplet/.m2/repository/jakarta/annotation/jakarta.annotation-api/2.1.1/jakarta.annotation-api-2.1.1.jar:/Users/ludovicsouplet/.m2/repository/org/slf4j/slf4j-api/2.0.13/slf4j-api-2.0.13.jar:/Users/ludovicsouplet/.m2/repository/org/springframework/spring-aspects/6.1.11/spring-aspects-6.1.11.jar:/Users/ludovicsouplet/.m2/repository/org/springframework/boot/spring-boot-starter-security/3.3.2/spring-boot-starter-security-3.3.2.jar:/Users/ludovicsouplet/.m2/repository/org/springframework/boot/spring-boot-starter/3.3.2/spring-boot-starter-3.3.2.jar:/Users/ludovicsouplet/.m2/repository/org/springframework/boot/spring-boot/3.3.2/spring-boot-3.3.2.jar:/Users/ludovicsouplet/.m2/repository/org/springframework/boot/spring-boot-autoconfigure/3.3.2/spring-boot-autoconfigure-3.3.2.jar:/Users/ludovicsouplet/.m2/repository/org/springframework/boot/spring-boot-starter-logging/3.3.2/spring-boot-starter-logging-3.3.2.jar:/Users/ludovicsouplet/.m2/repository/ch/qos/logback/logback-classic/1.5.6/logback-classic-1.5.6.jar:/Users/ludovicsouplet/.m2/repository/ch/qos/logback/logback-core/1.5.6/logback-core-1.5.6.jar:/Users/ludovicsouplet/.m2/repository/org/apache/logging/log4j/log4j-to-slf4j/2.23.1/log4j-to-slf4j-2.23.1.jar:/Users/ludovicsouplet/.m2/repository/org/apache/logging/log4j/log4j-api/2.23.1/log4j-api-2.23.1.jar:/Users/ludovicsouplet/.m2/repository/org/slf4j/jul-to-slf4j/2.0.13/jul-to-slf4j-2.0.13.jar:/Users/ludovicsouplet/.m2/repository/org/yaml/snakeyaml/2.2/snakeyaml-2.2.jar:/Users/ludovicsouplet/.m2/repository/org/springframework/spring-aop/6.1.11/spring-aop-6.1.11.jar:/Users/ludovicsouplet/.m2/repository/org/springframework/security/spring-security-config/6.3.1/spring-security-config-6.3.1.jar:/Users/ludovicsouplet/.m2/repository/org/springframework/security/spring-security-web/6.3.1/spring-security-web-6.3.1.jar:/Users/ludovicsouplet/.m2/repository/org/springframework/spring-expression/6.1.11/spring-expression-6.1.11.jar:/Users/ludovicsouplet/.m2/repository/org/springframework/boot/spring-boot-starter-web/3.3.2/spring-boot-starter-web-3.3.2.jar:/Users/ludovicsouplet/.m2/repository/org/springframework/boot/spring-boot-starter-json/3.3.2/spring-boot-starter-json-3.3.2.jar:/Users/ludovicsouplet/.m2/repository/com/fasterxml/jackson/datatype/jackson-datatype-jdk8/2.17.2/jackson-datatype-jdk8-2.17.2.jar:/Users/ludovicsouplet/.m2/repository/com/fasterxml/jackson/datatype/jackson-datatype-jsr310/2.17.2/jackson-datatype-jsr310-2.17.2.jar:/Users/ludovicsouplet/.m2/repository/com/fasterxml/jackson/module/jackson-module-parameter-names/2.17.2/jackson-module-parameter-names-2.17.2.jar:/Users/ludovicsouplet/.m2/repository/org/springframework/boot/spring-boot-starter-tomcat/3.3.2/spring-boot-starter-tomcat-3.3.2.jar:/Users/ludovicsouplet/.m2/repository/org/apache/tomcat/embed/tomcat-embed-core/10.1.26/tomcat-embed-core-10.1.26.jar:/Users/ludovicsouplet/.m2/repository/org/apache/tomcat/embed/tomcat-embed-el/10.1.26/tomcat-embed-el-10.1.26.jar:/Users/ludovicsouplet/.m2/repository/org/apache/tomcat/embed/tomcat-embed-websocket/10.1.26/tomcat-embed-websocket-10.1.26.jar:/Users/ludovicsouplet/.m2/repository/org/springframework/spring-web/6.1.11/spring-web-6.1.11.jar:/Users/ludovicsouplet/.m2/repository/io/micrometer/micrometer-observation/1.13.2/micrometer-observation-1.13.2.jar:/Users/ludovicsouplet/.m2/repository/io/micrometer/micrometer-commons/1.13.2/micrometer-commons-1.13.2.jar:/Users/ludovicsouplet/.m2/repository/org/springframework/spring-webmvc/6.1.11/spring-webmvc-6.1.11.jar:/Users/ludovicsouplet/.m2/repository/org/postgresql/postgresql/42.7.3/postgresql-42.7.3.jar:/Users/ludovicsouplet/.m2/repository/org/checkerframework/checker-qual/3.42.0/checker-qual-3.42.0.jar:/Users/ludovicsouplet/.m2/repository/org/springframework/boot/spring-boot-starter-test/3.3.2/spring-boot-starter-test-3.3.2.jar:/Users/ludovicsouplet/.m2/repository/org/springframework/boot/spring-boot-test/3.3.2/spring-boot-test-3.3.2.jar:/Users/ludovicsouplet/.m2/repository/org/springframework/boot/spring-boot-test-autoconfigure/3.3.2/spring-boot-test-autoconfigure-3.3.2.jar:/Users/ludovicsouplet/.m2/repository/com/jayway/jsonpath/json-path/2.9.0/json-path-2.9.0.jar:/Users/ludovicsouplet/.m2/repository/jakarta/xml/bind/jakarta.xml.bind-api/4.0.2/jakarta.xml.bind-api-4.0.2.jar:/Users/ludovicsouplet/.m2/repository/jakarta/activation/jakarta.activation-api/2.1.3/jakarta.activation-api-2.1.3.jar:/Users/ludovicsouplet/.m2/repository/net/minidev/json-smart/2.5.1/json-smart-2.5.1.jar:/Users/ludovicsouplet/.m2/repository/net/minidev/accessors-smart/2.5.1/accessors-smart-2.5.1.jar:/Users/ludovicsouplet/.m2/repository/org/ow2/asm/asm/9.6/asm-9.6.jar:/Users/ludovicsouplet/.m2/repository/org/assertj/assertj-core/3.25.3/assertj-core-3.25.3.jar:/Users/ludovicsouplet/.m2/repository/org/awaitility/awaitility/4.2.1/awaitility-4.2.1.jar:/Users/ludovicsouplet/.m2/repository/org/hamcrest/hamcrest/2.2/hamcrest-2.2.jar:/Users/ludovicsouplet/.m2/repository/org/junit/jupiter/junit-jupiter/5.10.3/junit-jupiter-5.10.3.jar:/Users/ludovicsouplet/.m2/repository/org/junit/jupiter/junit-jupiter-api/5.10.3/junit-jupiter-api-5.10.3.jar:/Users/ludovicsouplet/.m2/repository/org/opentest4j/opentest4j/1.3.0/opentest4j-1.3.0.jar:/Users/ludovicsouplet/.m2/repository/org/junit/platform/junit-platform-commons/1.10.3/junit-platform-commons-1.10.3.jar:/Users/ludovicsouplet/.m2/repository/org/apiguardian/apiguardian-api/1.1.2/apiguardian-api-1.1.2.jar:/Users/ludovicsouplet/.m2/repository/org/junit/jupiter/junit-jupiter-params/5.10.3/junit-jupiter-params-5.10.3.jar:/Users/ludovicsouplet/.m2/repository/org/junit/jupiter/junit-jupiter-engine/5.10.3/junit-jupiter-engine-5.10.3.jar:/Users/ludovicsouplet/.m2/repository/org/junit/platform/junit-platform-engine/1.10.3/junit-platform-engine-1.10.3.jar:/Users/ludovicsouplet/.m2/repository/org/mockito/mockito-core/5.11.0/mockito-core-5.11.0.jar:/Users/ludovicsouplet/.m2/repository/net/bytebuddy/byte-buddy-agent/1.14.18/byte-buddy-agent-1.14.18.jar:/Users/ludovicsouplet/.m2/repository/org/objenesis/objenesis/3.3/objenesis-3.3.jar:/Users/ludovicsouplet/.m2/repository/org/mockito/mockito-junit-jupiter/5.11.0/mockito-junit-jupiter-5.11.0.jar:/Users/ludovicsouplet/.m2/repository/org/skyscreamer/jsonassert/1.5.3/jsonassert-1.5.3.jar:/Users/ludovicsouplet/.m2/repository/com/vaadin/external/google/android-json/0.0.20131108.vaadin1/android-json-0.0.20131108.vaadin1.jar:/Users/ludovicsouplet/.m2/repository/org/springframework/spring-core/6.1.11/spring-core-6.1.11.jar:/Users/ludovicsouplet/.m2/repository/org/springframework/spring-jcl/6.1.11/spring-jcl-6.1.11.jar:/Users/ludovicsouplet/.m2/repository/org/springframework/spring-test/6.1.11/spring-test-6.1.11.jar:/Users/ludovicsouplet/.m2/repository/org/xmlunit/xmlunit-core/2.9.1/xmlunit-core-2.9.1.jar:/Users/ludovicsouplet/.m2/repository/org/springframework/security/spring-security-test/6.3.1/spring-security-test-6.3.1.jar:/Users/ludovicsouplet/.m2/repository/org/springframework/security/spring-security-core/6.3.1/spring-security-core-6.3.1.jar:/Users/ludovicsouplet/.m2/repository/org/springframework/security/spring-security-crypto/6.3.1/spring-security-crypto-6.3.1.jar:/Users/ludovicsouplet/.m2/repository/io/jsonwebtoken/jjwt-api/0.11.5/jjwt-api-0.11.5.jar:/Users/ludovicsouplet/.m2/repository/io/jsonwebtoken/jjwt-impl/0.11.5/jjwt-impl-0.11.5.jar:/Users/ludovicsouplet/.m2/repository/io/jsonwebtoken/jjwt-jackson/0.11.5/jjwt-jackson-0.11.5.jar:/Users/ludovicsouplet/.m2/repository/com/fasterxml/jackson/core/jackson-databind/2.17.2/jackson-databind-2.17.2.jar:/Users/ludovicsouplet/.m2/repository/com/fasterxml/jackson/core/jackson-annotations/2.17.2/jackson-annotations-2.17.2.jar:/Users/ludovicsouplet/.m2/repository/com/fasterxml/jackson/core/jackson-core/2.17.2/jackson-core-2.17.2.jar:/Users/ludovicsouplet/.m2/repository/org/jetbrains/annotations/24.1.0/annotations-24.1.0.jar:, java.vm.vendor=Oracle Corporation, sun.arch.data.model=64, java.vendor.url=https://java.oracle.com/, user.timezone=Europe/Paris, jakarta.persistence.sharedCache.mode=UNSPECIFIED, org.jboss.logging.provider=slf4j, java.vm.specification.version=22, os.name=Mac OS X, jakarta.persistence.nonJtaDataSource=HikariDataSource (HikariPool-1), sun.java.launcher=SUN_STANDARD, user.country=FR, sun.boot.library.path=/Users/ludovicsouplet/Library/Java/JavaVirtualMachines/openjdk-22.0.1/Contents/Home/lib, sun.java.command=/Users/ludovicsouplet/Documents/POC_medhead_urgences_code/usersmicroservice/target/surefire/surefirebooter-20240721134949689_3.jar /Users/ludovicsouplet/Documents/POC_medhead_urgences_code/usersmicroservice/target/surefire 2024-07-21T13-49-49_657-jvmRun1 surefire-20240721134949689_1tmp surefire_0-20240721134949689_2tmp, javax.persistence.nonJtaDataSource=HikariDataSource (HikariPool-1), hibernate.transaction.jta.platform=org.hibernate.engine.transaction.jta.platform.internal.NoJtaPlatform@4e85dcb2, http.nonProxyHosts=local|*.local|169.254/16|*.169.254/16, jdk.debug=release, surefire.test.class.path=/Users/ludovicsouplet/Documents/POC_medhead_urgences_code/usersmicroservice/target/test-classes:/Users/ludovicsouplet/Documents/POC_medhead_urgences_code/usersmicroservice/target/classes:/Users/ludovicsouplet/.m2/repository/org/springframework/boot/spring-boot-starter-data-jpa/3.3.2/spring-boot-starter-data-jpa-3.3.2.jar:/Users/ludovicsouplet/.m2/repository/org/springframework/boot/spring-boot-starter-aop/3.3.2/spring-boot-starter-aop-3.3.2.jar:/Users/ludovicsouplet/.m2/repository/org/aspectj/aspectjweaver/1.9.22.1/aspectjweaver-1.9.22.1.jar:/Users/ludovicsouplet/.m2/repository/org/springframework/boot/spring-boot-starter-jdbc/3.3.2/spring-boot-starter-jdbc-3.3.2.jar:/Users/ludovicsouplet/.m2/repository/com/zaxxer/HikariCP/5.1.0/HikariCP-5.1.0.jar:/Users/ludovicsouplet/.m2/repository/org/springframework/spring-jdbc/6.1.11/spring-jdbc-6.1.11.jar:/Users/ludovicsouplet/.m2/repository/org/hibernate/orm/hibernate-core/6.5.2.Final/hibernate-core-6.5.2.Final.jar:/Users/ludovicsouplet/.m2/repository/jakarta/persistence/jakarta.persistence-api/3.1.0/jakarta.persistence-api-3.1.0.jar:/Users/ludovicsouplet/.m2/repository/jakarta/transaction/jakarta.transaction-api/2.0.1/jakarta.transaction-api-2.0.1.jar:/Users/ludovicsouplet/.m2/repository/org/jboss/logging/jboss-logging/3.5.3.Final/jboss-logging-3.5.3.Final.jar:/Users/ludovicsouplet/.m2/repository/org/hibernate/common/hibernate-commons-annotations/6.0.6.Final/hibernate-commons-annotations-6.0.6.Final.jar:/Users/ludovicsouplet/.m2/repository/io/smallrye/jandex/3.1.2/jandex-3.1.2.jar:/Users/ludovicsouplet/.m2/repository/com/fasterxml/classmate/1.7.0/classmate-1.7.0.jar:/Users/ludovicsouplet/.m2/repository/net/bytebuddy/byte-buddy/1.14.18/byte-buddy-1.14.18.jar:/Users/ludovicsouplet/.m2/repository/org/glassfish/jaxb/jaxb-runtime/4.0.5/jaxb-runtime-4.0.5.jar:/Users/ludovicsouplet/.m2/repository/org/glassfish/jaxb/jaxb-core/4.0.5/jaxb-core-4.0.5.jar:/Users/ludovicsouplet/.m2/repository/org/eclipse/angus/angus-activation/2.0.2/angus-activation-2.0.2.jar:/Users/ludovicsouplet/.m2/repository/org/glassfish/jaxb/txw2/4.0.5/txw2-4.0.5.jar:/Users/ludovicsouplet/.m2/repository/com/sun/istack/istack-commons-runtime/4.1.2/istack-commons-runtime-4.1.2.jar:/Users/ludovicsouplet/.m2/repository/jakarta/inject/jakarta.inject-api/2.0.1/jakarta.inject-api-2.0.1.jar:/Users/ludovicsouplet/.m2/repository/org/antlr/antlr4-runtime/4.13.0/antlr4-runtime-4.13.0.jar:/Users/ludovicsouplet/.m2/repository/org/springframework/data/spring-data-jpa/3.3.2/spring-data-jpa-3.3.2.jar:/Users/ludovicsouplet/.m2/repository/org/springframework/data/spring-data-commons/3.3.2/spring-data-commons-3.3.2.jar:/Users/ludovicsouplet/.m2/repository/org/springframework/spring-orm/6.1.11/spring-orm-6.1.11.jar:/Users/ludovicsouplet/.m2/repository/org/springframework/spring-context/6.1.11/spring-context-6.1.11.jar:/Users/ludovicsouplet/.m2/repository/org/springframework/spring-tx/6.1.11/spring-tx-6.1.11.jar:/Users/ludovicsouplet/.m2/repository/org/springframework/spring-beans/6.1.11/spring-beans-6.1.11.jar:/Users/ludovicsouplet/.m2/repository/jakarta/annotation/jakarta.annotation-api/2.1.1/jakarta.annotation-api-2.1.1.jar:/Users/ludovicsouplet/.m2/repository/org/slf4j/slf4j-api/2.0.13/slf4j-api-2.0.13.jar:/Users/ludovicsouplet/.m2/repository/org/springframework/spring-aspects/6.1.11/spring-aspects-6.1.11.jar:/Users/ludovicsouplet/.m2/repository/org/springframework/boot/spring-boot-starter-security/3.3.2/spring-boot-starter-security-3.3.2.jar:/Users/ludovicsouplet/.m2/repository/org/springframework/boot/spring-boot-starter/3.3.2/spring-boot-starter-3.3.2.jar:/Users/ludovicsouplet/.m2/repository/org/springframework/boot/spring-boot/3.3.2/spring-boot-3.3.2.jar:/Users/ludovicsouplet/.m2/repository/org/springframework/boot/spring-boot-autoconfigure/3.3.2/spring-boot-autoconfigure-3.3.2.jar:/Users/ludovicsouplet/.m2/repository/org/springframework/boot/spring-boot-starter-logging/3.3.2/spring-boot-starter-logging-3.3.2.jar:/Users/ludovicsouplet/.m2/repository/ch/qos/logback/logback-classic/1.5.6/logback-classic-1.5.6.jar:/Users/ludovicsouplet/.m2/repository/ch/qos/logback/logback-core/1.5.6/logback-core-1.5.6.jar:/Users/ludovicsouplet/.m2/repository/org/apache/logging/log4j/log4j-to-slf4j/2.23.1/log4j-to-slf4j-2.23.1.jar:/Users/ludovicsouplet/.m2/repository/org/apache/logging/log4j/log4j-api/2.23.1/log4j-api-2.23.1.jar:/Users/ludovicsouplet/.m2/repository/org/slf4j/jul-to-slf4j/2.0.13/jul-to-slf4j-2.0.13.jar:/Users/ludovicsouplet/.m2/repository/org/yaml/snakeyaml/2.2/snakeyaml-2.2.jar:/Users/ludovicsouplet/.m2/repository/org/springframework/spring-aop/6.1.11/spring-aop-6.1.11.jar:/Users/ludovicsouplet/.m2/repository/org/springframework/security/spring-security-config/6.3.1/spring-security-config-6.3.1.jar:/Users/ludovicsouplet/.m2/repository/org/springframework/security/spring-security-web/6.3.1/spring-security-web-6.3.1.jar:/Users/ludovicsouplet/.m2/repository/org/springframework/spring-expression/6.1.11/spring-expression-6.1.11.jar:/Users/ludovicsouplet/.m2/repository/org/springframework/boot/spring-boot-starter-web/3.3.2/spring-boot-starter-web-3.3.2.jar:/Users/ludovicsouplet/.m2/repository/org/springframework/boot/spring-boot-starter-json/3.3.2/spring-boot-starter-json-3.3.2.jar:/Users/ludovicsouplet/.m2/repository/com/fasterxml/jackson/datatype/jackson-datatype-jdk8/2.17.2/jackson-datatype-jdk8-2.17.2.jar:/Users/ludovicsouplet/.m2/repository/com/fasterxml/jackson/datatype/jackson-datatype-jsr310/2.17.2/jackson-datatype-jsr310-2.17.2.jar:/Users/ludovicsouplet/.m2/repository/com/fasterxml/jackson/module/jackson-module-parameter-names/2.17.2/jackson-module-parameter-names-2.17.2.jar:/Users/ludovicsouplet/.m2/repository/org/springframework/boot/spring-boot-starter-tomcat/3.3.2/spring-boot-starter-tomcat-3.3.2.jar:/Users/ludovicsouplet/.m2/repository/org/apache/tomcat/embed/tomcat-embed-core/10.1.26/tomcat-embed-core-10.1.26.jar:/Users/ludovicsouplet/.m2/repository/org/apache/tomcat/embed/tomcat-embed-el/10.1.26/tomcat-embed-el-10.1.26.jar:/Users/ludovicsouplet/.m2/repository/org/apache/tomcat/embed/tomcat-embed-websocket/10.1.26/tomcat-embed-websocket-10.1.26.jar:/Users/ludovicsouplet/.m2/repository/org/springframework/spring-web/6.1.11/spring-web-6.1.11.jar:/Users/ludovicsouplet/.m2/repository/io/micrometer/micrometer-observation/1.13.2/micrometer-observation-1.13.2.jar:/Users/ludovicsouplet/.m2/repository/io/micrometer/micrometer-commons/1.13.2/micrometer-commons-1.13.2.jar:/Users/ludovicsouplet/.m2/repository/org/springframework/spring-webmvc/6.1.11/spring-webmvc-6.1.11.jar:/Users/ludovicsouplet/.m2/repository/org/postgresql/postgresql/42.7.3/postgresql-42.7.3.jar:/Users/ludovicsouplet/.m2/repository/org/checkerframework/checker-qual/3.42.0/checker-qual-3.42.0.jar:/Users/ludovicsouplet/.m2/repository/org/springframework/boot/spring-boot-starter-test/3.3.2/spring-boot-starter-test-3.3.2.jar:/Users/ludovicsouplet/.m2/repository/org/springframework/boot/spring-boot-test/3.3.2/spring-boot-test-3.3.2.jar:/Users/ludovicsouplet/.m2/repository/org/springframework/boot/spring-boot-test-autoconfigure/3.3.2/spring-boot-test-autoconfigure-3.3.2.jar:/Users/ludovicsouplet/.m2/repository/com/jayway/jsonpath/json-path/2.9.0/json-path-2.9.0.jar:/Users/ludovicsouplet/.m2/repository/jakarta/xml/bind/jakarta.xml.bind-api/4.0.2/jakarta.xml.bind-api-4.0.2.jar:/Users/ludovicsouplet/.m2/repository/jakarta/activation/jakarta.activation-api/2.1.3/jakarta.activation-api-2.1.3.jar:/Users/ludovicsouplet/.m2/repository/net/minidev/json-smart/2.5.1/json-smart-2.5.1.jar:/Users/ludovicsouplet/.m2/repository/net/minidev/accessors-smart/2.5.1/accessors-smart-2.5.1.jar:/Users/ludovicsouplet/.m2/repository/org/ow2/asm/asm/9.6/asm-9.6.jar:/Users/ludovicsouplet/.m2/repository/org/assertj/assertj-core/3.25.3/assertj-core-3.25.3.jar:/Users/ludovicsouplet/.m2/repository/org/awaitility/awaitility/4.2.1/awaitility-4.2.1.jar:/Users/ludovicsouplet/.m2/repository/org/hamcrest/hamcrest/2.2/hamcrest-2.2.jar:/Users/ludovicsouplet/.m2/repository/org/junit/jupiter/junit-jupiter/5.10.3/junit-jupiter-5.10.3.jar:/Users/ludovicsouplet/.m2/repository/org/junit/jupiter/junit-jupiter-api/5.10.3/junit-jupiter-api-5.10.3.jar:/Users/ludovicsouplet/.m2/repository/org/opentest4j/opentest4j/1.3.0/opentest4j-1.3.0.jar:/Users/ludovicsouplet/.m2/repository/org/junit/platform/junit-platform-commons/1.10.3/junit-platform-commons-1.10.3.jar:/Users/ludovicsouplet/.m2/repository/org/apiguardian/apiguardian-api/1.1.2/apiguardian-api-1.1.2.jar:/Users/ludovicsouplet/.m2/repository/org/junit/jupiter/junit-jupiter-params/5.10.3/junit-jupiter-params-5.10.3.jar:/Users/ludovicsouplet/.m2/repository/org/junit/jupiter/junit-jupiter-engine/5.10.3/junit-jupiter-engine-5.10.3.jar:/Users/ludovicsouplet/.m2/repository/org/junit/platform/junit-platform-engine/1.10.3/junit-platform-engine-1.10.3.jar:/Users/ludovicsouplet/.m2/repository/org/mockito/mockito-core/5.11.0/mockito-core-5.11.0.jar:/Users/ludovicsouplet/.m2/repository/net/bytebuddy/byte-buddy-agent/1.14.18/byte-buddy-agent-1.14.18.jar:/Users/ludovicsouplet/.m2/repository/org/objenesis/objenesis/3.3/objenesis-3.3.jar:/Users/ludovicsouplet/.m2/repository/org/mockito/mockito-junit-jupiter/5.11.0/mockito-junit-jupiter-5.11.0.jar:/Users/ludovicsouplet/.m2/repository/org/skyscreamer/jsonassert/1.5.3/jsonassert-1.5.3.jar:/Users/ludovicsouplet/.m2/repository/com/vaadin/external/google/android-json/0.0.20131108.vaadin1/android-json-0.0.20131108.vaadin1.jar:/Users/ludovicsouplet/.m2/repository/org/springframework/spring-core/6.1.11/spring-core-6.1.11.jar:/Users/ludovicsouplet/.m2/repository/org/springframework/spring-jcl/6.1.11/spring-jcl-6.1.11.jar:/Users/ludovicsouplet/.m2/repository/org/springframework/spring-test/6.1.11/spring-test-6.1.11.jar:/Users/ludovicsouplet/.m2/repository/org/xmlunit/xmlunit-core/2.9.1/xmlunit-core-2.9.1.jar:/Users/ludovicsouplet/.m2/repository/org/springframework/security/spring-security-test/6.3.1/spring-security-test-6.3.1.jar:/Users/ludovicsouplet/.m2/repository/org/springframework/security/spring-security-core/6.3.1/spring-security-core-6.3.1.jar:/Users/ludovicsouplet/.m2/repository/org/springframework/security/spring-security-crypto/6.3.1/spring-security-crypto-6.3.1.jar:/Users/ludovicsouplet/.m2/repository/io/jsonwebtoken/jjwt-api/0.11.5/jjwt-api-0.11.5.jar:/Users/ludovicsouplet/.m2/repository/io/jsonwebtoken/jjwt-impl/0.11.5/jjwt-impl-0.11.5.jar:/Users/ludovicsouplet/.m2/repository/io/jsonwebtoken/jjwt-jackson/0.11.5/jjwt-jackson-0.11.5.jar:/Users/ludovicsouplet/.m2/repository/com/fasterxml/jackson/core/jackson-databind/2.17.2/jackson-databind-2.17.2.jar:/Users/ludovicsouplet/.m2/repository/com/fasterxml/jackson/core/jackson-annotations/2.17.2/jackson-annotations-2.17.2.jar:/Users/ludovicsouplet/.m2/repository/com/fasterxml/jackson/core/jackson-core/2.17.2/jackson-core-2.17.2.jar:/Users/ludovicsouplet/.m2/repository/org/jetbrains/annotations/24.1.0/annotations-24.1.0.jar:, sun.cpu.endian=little, hibernate.cdi.extensions=true, user.home=/Users/ludovicsouplet, user.language=fr, java.specification.vendor=Oracle Corporation, java.version.date=2024-04-16, java.home=/Users/ludovicsouplet/Library/Java/JavaVirtualMachines/openjdk-22.0.1/Contents/Home, file.separator=/, basedir=/Users/ludovicsouplet/Documents/POC_medhead_urgences_code/usersmicroservice, java.vm.compressedOopsMode=Zero based, line.separator=
[...]
	at org.springframework.data.repository.core.support.QueryExecutorMethodInterceptor.mapMethodsToQuery(QueryExecutorMethodInterceptor.java:99) ~[spring-data-commons-3.3.2.jar:3.3.2]
	at org.springframework.data.repository.core.support.QueryExecutorMethodInterceptor.lambda$new$0(QueryExecutorMethodInterceptor.java:88) ~[spring-data-commons-3.3.2.jar:3.3.2]
	at java.base/java.util.Optional.map(Optional.java:260) ~[na:na]
	at org.springframework.data.repository.core.support.QueryExecutorMethodInterceptor.<init>(QueryExecutorMethodInterceptor.java:88) ~[spring-data-commons-3.3.2.jar:3.3.2]
	at org.springframework.data.repository.core.support.RepositoryFactorySupport.getRepository(RepositoryFactorySupport.java:357) ~[spring-data-commons-3.3.2.jar:3.3.2]
	at org.springframework.data.repository.core.support.RepositoryFactoryBeanSupport.lambda$afterPropertiesSet$5(RepositoryFactoryBeanSupport.java:286) ~[spring-data-commons-3.3.2.jar:3.3.2]
	at org.springframework.data.util.Lazy.getNullable(Lazy.java:135) ~[spring-data-commons-3.3.2.jar:3.3.2]
	at org.springframework.data.util.Lazy.get(Lazy.java:113) ~[spring-data-commons-3.3.2.jar:3.3.2]
	at org.springframework.data.repository.core.support.RepositoryFactoryBeanSupport.afterPropertiesSet(RepositoryFactoryBeanSupport.java:292) ~[spring-data-commons-3.3.2.jar:3.3.2]
	at org.springframework.data.jpa.repository.support.JpaRepositoryFactoryBean.afterPropertiesSet(JpaRepositoryFactoryBean.java:132) ~[spring-data-jpa-3.3.2.jar:3.3.2]
	at org.springframework.beans.factory.support.AbstractAutowireCapableBeanFactory.invokeInitMethods(AbstractAutowireCapableBeanFactory.java:1853) ~[spring-beans-6.1.11.jar:6.1.11]
	at org.springframework.beans.factory.support.AbstractAutowireCapableBeanFactory.initializeBean(AbstractAutowireCapableBeanFactory.java:1802) ~[spring-beans-6.1.11.jar:6.1.11]
	at org.springframework.beans.factory.support.AbstractAutowireCapableBeanFactory.doCreateBean(AbstractAutowireCapableBeanFactory.java:600) ~[spring-beans-6.1.11.jar:6.1.11]
	at org.springframework.beans.factory.support.AbstractAutowireCapableBeanFactory.createBean(AbstractAutowireCapableBeanFactory.java:522) ~[spring-beans-6.1.11.jar:6.1.11]
	at org.springframework.beans.factory.support.AbstractBeanFactory.lambda$doGetBean$0(AbstractBeanFactory.java:337) ~[spring-beans-6.1.11.jar:6.1.11]
	at org.springframework.beans.factory.support.DefaultSingletonBeanRegistry.getSingleton(DefaultSingletonBeanRegistry.java:234) ~[spring-beans-6.1.11.jar:6.1.11]
	at org.springframework.beans.factory.support.AbstractBeanFactory.doGetBean(AbstractBeanFactory.java:335) ~[spring-beans-6.1.11.jar:6.1.11]
	at org.springframework.beans.factory.support.AbstractBeanFactory.getBean(AbstractBeanFactory.java:200) ~[spring-beans-6.1.11.jar:6.1.11]
	at org.springframework.beans.factory.config.DependencyDescriptor.resolveCandidate(DependencyDescriptor.java:254) ~[spring-beans-6.1.11.jar:6.1.11]
	at org.springframework.beans.factory.support.DefaultListableBeanFactory.doResolveDependency(DefaultListableBeanFactory.java:1443) ~[spring-beans-6.1.11.jar:6.1.11]
	at org.springframework.beans.factory.support.DefaultListableBeanFactory.resolveDependency(DefaultListableBeanFactory.java:1353) ~[spring-beans-6.1.11.jar:6.1.11]
	at org.springframework.beans.factory.support.ConstructorResolver.resolveAutowiredArgument(ConstructorResolver.java:904) ~[spring-beans-6.1.11.jar:6.1.11]
	at org.springframework.beans.factory.support.ConstructorResolver.createArgumentArray(ConstructorResolver.java:782) ~[spring-beans-6.1.11.jar:6.1.11]
	at org.springframework.beans.factory.support.ConstructorResolver.autowireConstructor(ConstructorResolver.java:237) ~[spring-beans-6.1.11.jar:6.1.11]
	at org.springframework.beans.factory.support.AbstractAutowireCapableBeanFactory.autowireConstructor(AbstractAutowireCapableBeanFactory.java:1375) ~[spring-beans-6.1.11.jar:6.1.11]
	at org.springframework.beans.factory.support.AbstractAutowireCapableBeanFactory.createBeanInstance(AbstractAutowireCapableBeanFactory.java:1212) ~[spring-beans-6.1.11.jar:6.1.11]
	at org.springframework.beans.factory.support.AbstractAutowireCapableBeanFactory.doCreateBean(AbstractAutowireCapableBeanFactory.java:562) ~[spring-beans-6.1.11.jar:6.1.11]
	at org.springframework.beans.factory.support.AbstractAutowireCapableBeanFactory.createBean(AbstractAutowireCapableBeanFactory.java:522) ~[spring-beans-6.1.11.jar:6.1.11]
	at org.springframework.beans.factory.support.AbstractBeanFactory.lambda$doGetBean$0(AbstractBeanFactory.java:337) ~[spring-beans-6.1.11.jar:6.1.11]
	at org.springframework.beans.factory.support.DefaultSingletonBeanRegistry.getSingleton(DefaultSingletonBeanRegistry.java:234) ~[spring-beans-6.1.11.jar:6.1.11]
	at org.springframework.beans.factory.support.AbstractBeanFactory.doGetBean(AbstractBeanFactory.java:335) ~[spring-beans-6.1.11.jar:6.1.11]
	at org.springframework.beans.factory.support.AbstractBeanFactory.getBean(AbstractBeanFactory.java:200) ~[spring-beans-6.1.11.jar:6.1.11]
	at org.springframework.beans.factory.support.DefaultListableBeanFactory.preInstantiateSingletons(DefaultListableBeanFactory.java:975) ~[spring-beans-6.1.11.jar:6.1.11]
	at org.springframework.context.support.AbstractApplicationContext.finishBeanFactoryInitialization(AbstractApplicationContext.java:971) ~[spring-context-6.1.11.jar:6.1.11]
	at org.springframework.context.support.AbstractApplicationContext.refresh(AbstractApplicationContext.java:625) ~[spring-context-6.1.11.jar:6.1.11]
	at org.springframework.boot.SpringApplication.refresh(SpringApplication.java:754) ~[spring-boot-3.3.2.jar:3.3.2]
	at org.springframework.boot.SpringApplication.refreshContext(SpringApplication.java:456) ~[spring-boot-3.3.2.jar:3.3.2]
	at org.springframework.boot.SpringApplication.run(SpringApplication.java:335) ~[spring-boot-3.3.2.jar:3.3.2]
	at org.springframework.boot.test.context.SpringBootContextLoader.lambda$loadContext$3(SpringBootContextLoader.java:137) ~[spring-boot-test-3.3.2.jar:3.3.2]
	at org.springframework.util.function.ThrowingSupplier.get(ThrowingSupplier.java:58) ~[spring-core-6.1.11.jar:6.1.11]
	at org.springframework.util.function.ThrowingSupplier.get(ThrowingSupplier.java:46) ~[spring-core-6.1.11.jar:6.1.11]
	at org.springframework.boot.SpringApplication.withHook(SpringApplication.java:1463) ~[spring-boot-3.3.2.jar:3.3.2]
	at org.springframework.boot.test.context.SpringBootContextLoader$ContextLoaderHook.run(SpringBootContextLoader.java:553) ~[spring-boot-test-3.3.2.jar:3.3.2]
	at org.springframework.boot.test.context.SpringBootContextLoader.loadContext(SpringBootContextLoader.java:137) ~[spring-boot-test-3.3.2.jar:3.3.2]
	at org.springframework.boot.test.context.SpringBootContextLoader.loadContext(SpringBootContextLoader.java:108) ~[spring-boot-test-3.3.2.jar:3.3.2]
	at org.springframework.test.context.cache.DefaultCacheAwareContextLoaderDelegate.loadContextInternal(DefaultCacheAwareContextLoaderDelegate.java:225) ~[spring-test-6.1.11.jar:6.1.11]
	at org.springframework.test.context.cache.DefaultCacheAwareContextLoaderDelegate.loadContext(DefaultCacheAwareContextLoaderDelegate.java:152) ~[spring-test-6.1.11.jar:6.1.11]
	at org.springframework.test.context.support.DefaultTestContext.getApplicationContext(DefaultTestContext.java:130) ~[spring-test-6.1.11.jar:6.1.11]
	at org.springframework.test.context.web.ServletTestExecutionListener.setUpRequestContextIfNecessary(ServletTestExecutionListener.java:191) ~[spring-test-6.1.11.jar:6.1.11]
	at org.springframework.test.context.web.ServletTestExecutionListener.prepareTestInstance(ServletTestExecutionListener.java:130) ~[spring-test-6.1.11.jar:6.1.11]
	at org.springframework.test.context.TestContextManager.prepareTestInstance(TestContextManager.java:260) ~[spring-test-6.1.11.jar:6.1.11]
	at org.springframework.test.context.junit.jupiter.SpringExtension.postProcessTestInstance(SpringExtension.java:163) ~[spring-test-6.1.11.jar:6.1.11]
	at org.junit.jupiter.engine.descriptor.ClassBasedTestDescriptor.lambda$invokeTestInstancePostProcessors$10(ClassBasedTestDescriptor.java:378) ~[junit-jupiter-engine-5.10.3.jar:5.10.3]
	at org.junit.jupiter.engine.descriptor.ClassBasedTestDescriptor.executeAndMaskThrowable(ClassBasedTestDescriptor.java:383) ~[junit-jupiter-engine-5.10.3.jar:5.10.3]
	at org.junit.jupiter.engine.descriptor.ClassBasedTestDescriptor.lambda$invokeTestInstancePostProcessors$11(ClassBasedTestDescriptor.java:378) ~[junit-jupiter-engine-5.10.3.jar:5.10.3]
	at java.base/java.util.stream.ReferencePipeline$3$1.accept(ReferencePipeline.java:212) ~[na:na]
	at java.base/java.util.stream.ReferencePipeline$2$1.accept(ReferencePipeline.java:194) ~[na:na]
	at java.base/java.util.ArrayList$ArrayListSpliterator.forEachRemaining(ArrayList.java:1709) ~[na:na]
	at java.base/java.util.stream.AbstractPipeline.copyInto(AbstractPipeline.java:556) ~[na:na]
	at java.base/java.util.stream.AbstractPipeline.wrapAndCopyInto(AbstractPipeline.java:546) ~[na:na]
	at java.base/java.util.stream.StreamSpliterators$WrappingSpliterator.forEachRemaining(StreamSpliterators.java:310) ~[na:na]
	at java.base/java.util.stream.Streams$ConcatSpliterator.forEachRemaining(Streams.java:735) ~[na:na]
	at java.base/java.util.stream.Streams$ConcatSpliterator.forEachRemaining(Streams.java:734) ~[na:na]
	at java.base/java.util.stream.ReferencePipeline$Head.forEach(ReferencePipeline.java:782) ~[na:na]
	at org.junit.jupiter.engine.descriptor.ClassBasedTestDescriptor.invokeTestInstancePostProcessors(ClassBasedTestDescriptor.java:377) ~[junit-jupiter-engine-5.10.3.jar:5.10.3]
	at org.junit.jupiter.engine.descriptor.ClassBasedTestDescriptor.lambda$instantiateAndPostProcessTestInstance$6(ClassBasedTestDescriptor.java:290) ~[junit-jupiter-engine-5.10.3.jar:5.10.3]
	at org.junit.platform.engine.support.hierarchical.ThrowableCollector.execute(ThrowableCollector.java:73) ~[junit-platform-engine-1.10.3.jar:1.10.3]
	at org.junit.jupiter.engine.descriptor.ClassBasedTestDescriptor.instantiateAndPostProcessTestInstance(ClassBasedTestDescriptor.java:289) ~[junit-jupiter-engine-5.10.3.jar:5.10.3]
	at org.junit.jupiter.engine.descriptor.ClassBasedTestDescriptor.lambda$testInstancesProvider$4(ClassBasedTestDescriptor.java:279) ~[junit-jupiter-engine-5.10.3.jar:5.10.3]
	at java.base/java.util.Optional.orElseGet(Optional.java:364) ~[na:na]
	at org.junit.jupiter.engine.descriptor.ClassBasedTestDescriptor.lambda$testInstancesProvider$5(ClassBasedTestDescriptor.java:278) ~[junit-jupiter-engine-5.10.3.jar:5.10.3]
	at org.junit.jupiter.engine.execution.TestInstancesProvider.getTestInstances(TestInstancesProvider.java:31) ~[junit-jupiter-engine-5.10.3.jar:5.10.3]
	at org.junit.jupiter.engine.descriptor.TestMethodTestDescriptor.lambda$prepare$0(TestMethodTestDescriptor.java:106) ~[junit-jupiter-engine-5.10.3.jar:5.10.3]
	at org.junit.platform.engine.support.hierarchical.ThrowableCollector.execute(ThrowableCollector.java:73) ~[junit-platform-engine-1.10.3.jar:1.10.3]
	at org.junit.jupiter.engine.descriptor.TestMethodTestDescriptor.prepare(TestMethodTestDescriptor.java:105) ~[junit-jupiter-engine-5.10.3.jar:5.10.3]
	at org.junit.jupiter.engine.descriptor.TestMethodTestDescriptor.prepare(TestMethodTestDescriptor.java:69) ~[junit-jupiter-engine-5.10.3.jar:5.10.3]
	at org.junit.platform.engine.support.hierarchical.NodeTestTask.lambda$prepare$2(NodeTestTask.java:123) ~[junit-platform-engine-1.10.3.jar:1.10.3]
	at org.junit.platform.engine.support.hierarchical.ThrowableCollector.execute(ThrowableCollector.java:73) ~[junit-platform-engine-1.10.3.jar:1.10.3]
	at org.junit.platform.engine.support.hierarchical.NodeTestTask.prepare(NodeTestTask.java:123) ~[junit-platform-engine-1.10.3.jar:1.10.3]
	at org.junit.platform.engine.support.hierarchical.NodeTestTask.execute(NodeTestTask.java:90) ~[junit-platform-engine-1.10.3.jar:1.10.3]
	at java.base/java.util.ArrayList.forEach(ArrayList.java:1597) ~[na:na]
	at org.junit.platform.engine.support.hierarchical.SameThreadHierarchicalTestExecutorService.invokeAll(SameThreadHierarchicalTestExecutorService.java:41) ~[junit-platform-engine-1.10.3.jar:1.10.3]
	at org.junit.platform.engine.support.hierarchical.NodeTestTask.lambda$executeRecursively$6(NodeTestTask.java:155) ~[junit-platform-engine-1.10.3.jar:1.10.3]
	at org.junit.platform.engine.support.hierarchical.ThrowableCollector.execute(ThrowableCollector.java:73) ~[junit-platform-engine-1.10.3.jar:1.10.3]
	at org.junit.platform.engine.support.hierarchical.NodeTestTask.lambda$executeRecursively$8(NodeTestTask.java:141) ~[junit-platform-engine-1.10.3.jar:1.10.3]
	at org.junit.platform.engine.support.hierarchical.Node.around(Node.java:137) ~[junit-platform-engine-1.10.3.jar:1.10.3]
	at org.junit.platform.engine.support.hierarchical.NodeTestTask.lambda$executeRecursively$9(NodeTestTask.java:139) ~[junit-platform-engine-1.10.3.jar:1.10.3]
	at org.junit.platform.engine.support.hierarchical.ThrowableCollector.execute(ThrowableCollector.java:73) ~[junit-platform-engine-1.10.3.jar:1.10.3]
	at org.junit.platform.engine.support.hierarchical.NodeTestTask.executeRecursively(NodeTestTask.java:138) ~[junit-platform-engine-1.10.3.jar:1.10.3]
	at org.junit.platform.engine.support.hierarchical.NodeTestTask.execute(NodeTestTask.java:95) ~[junit-platform-engine-1.10.3.jar:1.10.3]
	at java.base/java.util.ArrayList.forEach(ArrayList.java:1597) ~[na:na]
	at org.junit.platform.engine.support.hierarchical.SameThreadHierarchicalTestExecutorService.invokeAll(SameThreadHierarchicalTestExecutorService.java:41) ~[junit-platform-engine-1.10.3.jar:1.10.3]
	at org.junit.platform.engine.support.hierarchical.NodeTestTask.lambda$executeRecursively$6(NodeTestTask.java:155) ~[junit-platform-engine-1.10.3.jar:1.10.3]
	at org.junit.platform.engine.support.hierarchical.ThrowableCollector.execute(ThrowableCollector.java:73) ~[junit-platform-engine-1.10.3.jar:1.10.3]
	at org.junit.platform.engine.support.hierarchical.NodeTestTask.lambda$executeRecursively$8(NodeTestTask.java:141) ~[junit-platform-engine-1.10.3.jar:1.10.3]
	at org.junit.platform.engine.support.hierarchical.Node.around(Node.java:137) ~[junit-platform-engine-1.10.3.jar:1.10.3]
	at org.junit.platform.engine.support.hierarchical.NodeTestTask.lambda$executeRecursively$9(NodeTestTask.java:139) ~[junit-platform-engine-1.10.3.jar:1.10.3]
	at org.junit.platform.engine.support.hierarchical.ThrowableCollector.execute(ThrowableCollector.java:73) ~[junit-platform-engine-1.10.3.jar:1.10.3]
	at org.junit.platform.engine.support.hierarchical.NodeTestTask.executeRecursively(NodeTestTask.java:138) ~[junit-platform-engine-1.10.3.jar:1.10.3]
	at org.junit.platform.engine.support.hierarchical.NodeTestTask.execute(NodeTestTask.java:95) ~[junit-platform-engine-1.10.3.jar:1.10.3]
	at org.junit.platform.engine.support.hierarchical.SameThreadHierarchicalTestExecutorService.submit(SameThreadHierarchicalTestExecutorService.java:35) ~[junit-platform-engine-1.10.3.jar:1.10.3]
	at org.junit.platform.engine.support.hierarchical.HierarchicalTestExecutor.execute(HierarchicalTestExecutor.java:57) ~[junit-platform-engine-1.10.3.jar:1.10.3]
	at org.junit.platform.engine.support.hierarchical.HierarchicalTestEngine.execute(HierarchicalTestEngine.java:54) ~[junit-platform-engine-1.10.3.jar:1.10.3]
	at org.junit.platform.launcher.core.EngineExecutionOrchestrator.execute(EngineExecutionOrchestrator.java:198) ~[junit-platform-launcher-1.10.3.jar:1.10.3]
	at org.junit.platform.launcher.core.EngineExecutionOrchestrator.execute(EngineExecutionOrchestrator.java:169) ~[junit-platform-launcher-1.10.3.jar:1.10.3]
	at org.junit.platform.launcher.core.EngineExecutionOrchestrator.execute(EngineExecutionOrchestrator.java:93) ~[junit-platform-launcher-1.10.3.jar:1.10.3]
	at org.junit.platform.launcher.core.EngineExecutionOrchestrator.lambda$execute$0(EngineExecutionOrchestrator.java:58) ~[junit-platform-launcher-1.10.3.jar:1.10.3]
	at org.junit.platform.launcher.core.EngineExecutionOrchestrator.withInterceptedStreams(EngineExecutionOrchestrator.java:141) ~[junit-platform-launcher-1.10.3.jar:1.10.3]
	at org.junit.platform.launcher.core.EngineExecutionOrchestrator.execute(EngineExecutionOrchestrator.java:57) ~[junit-platform-launcher-1.10.3.jar:1.10.3]
	at org.junit.platform.launcher.core.DefaultLauncher.execute(DefaultLauncher.java:103) ~[junit-platform-launcher-1.10.3.jar:1.10.3]
	at org.junit.platform.launcher.core.DefaultLauncher.execute(DefaultLauncher.java:85) ~[junit-platform-launcher-1.10.3.jar:1.10.3]
	at org.junit.platform.launcher.core.DelegatingLauncher.execute(DelegatingLauncher.java:47) ~[junit-platform-launcher-1.10.3.jar:1.10.3]
	at org.apache.maven.surefire.junitplatform.LazyLauncher.execute(LazyLauncher.java:56) ~[surefire-junit-platform-3.2.5.jar:3.2.5]
	at org.apache.maven.surefire.junitplatform.JUnitPlatformProvider.execute(JUnitPlatformProvider.java:184) ~[surefire-junit-platform-3.2.5.jar:3.2.5]
	at org.apache.maven.surefire.junitplatform.JUnitPlatformProvider.invokeAllTests(JUnitPlatformProvider.java:148) ~[surefire-junit-platform-3.2.5.jar:3.2.5]
	at org.apache.maven.surefire.junitplatform.JUnitPlatformProvider.invoke(JUnitPlatformProvider.java:122) ~[surefire-junit-platform-3.2.5.jar:3.2.5]
	at org.apache.maven.surefire.booter.ForkedBooter.runSuitesInProcess(ForkedBooter.java:385) ~[surefire-booter-3.2.5.jar:3.2.5]
	at org.apache.maven.surefire.booter.ForkedBooter.execute(ForkedBooter.java:162) ~[surefire-booter-3.2.5.jar:3.2.5]
	at org.apache.maven.surefire.booter.ForkedBooter.run(ForkedBooter.java:507) ~[surefire-booter-3.2.5.jar:3.2.5]
	at org.apache.maven.surefire.booter.ForkedBooter.main(ForkedBooter.java:495) ~[surefire-booter-3.2.5.jar:3.2.5]

2024-07-21T13:49:51.385+02:00 DEBUG 13839 --- [usersmicroservice] [           main] .m.m.a.ExceptionHandlerExceptionResolver : ControllerAdvice beans: 0 @ExceptionHandler, 1 ResponseBodyAdvice
2024-07-21T13:49:51.411+02:00  INFO 13839 --- [usersmicroservice] [           main] eAuthenticationProviderManagerConfigurer : Global AuthenticationManager configured with AuthenticationProvider bean with name authenticationProvider
2024-07-21T13:49:51.412+02:00  WARN 13839 --- [usersmicroservice] [           main] r$InitializeUserDetailsManagerConfigurer : Global AuthenticationManager configured with an AuthenticationProvider bean. UserDetailsService beans will not be used for username/password login. Consider removing the AuthenticationProvider bean. Alternatively, consider using the UserDetailsService in a manually instantiated DaoAuthenticationProvider.
2024-07-21T13:49:51.475+02:00 DEBUG 13839 --- [usersmicroservice] [           main] s.w.s.m.m.a.RequestMappingHandlerMapping : 6 mappings in 'requestMappingHandlerMapping'
2024-07-21T13:49:51.483+02:00 DEBUG 13839 --- [usersmicroservice] [           main] o.s.w.s.handler.SimpleUrlHandlerMapping  : Patterns [/webjars/**, /**] in 'resourceHandlerMapping'
2024-07-21T13:49:51.545+02:00 DEBUG 13839 --- [usersmicroservice] [           main] s.w.s.m.m.a.RequestMappingHandlerAdapter : ControllerAdvice beans: 0 @ModelAttribute, 0 @InitBinder, 1 RequestBodyAdvice, 1 ResponseBodyAdvice
2024-07-21T13:49:51.582+02:00  INFO 13839 --- [usersmicroservice] [           main] c.m.u.UsersmicroserviceApplicationTests  : Started UsersmicroserviceApplicationTests in 1.516 seconds (process running for 1.855)
]]></system-out>
    <system-err><![CDATA[WARNING: A Java agent has been loaded dynamically (/Users/ludovicsouplet/.m2/repository/net/bytebuddy/byte-buddy-agent/1.14.18/byte-buddy-agent-1.14.18.jar)
WARNING: If a serviceability tool is in use, please run with -XX:+EnableDynamicAgentLoading to hide this warning
WARNING: If a serviceability tool is not in use, please run with -Djdk.instrument.traceUsage for more information
WARNING: Dynamic loading of agents will be disallowed by default in a future release
]]></system-err>
  </testcase>
</testsuite>